This file contains any messages produced by compilers while
running configure, to aid debugging if configure makes a mistake.

It was created by FreeType configure 2.10, which was
generated by GNU Autoconf 2.69.  Invocation command line was

  $ ./configure CC=/var/folders/zm/_mmhqdz13sj2ss2ts25x49j00000gn/T/tmpgxwew2e4 LD=/Applications/Xcode.app/Contents/Developer/Toolchains/XcodeDefault.xctoolchain/usr/bin/ld CFLAGS=-O3 -miphoneos-version-min=8.0 -I/Users/sebastian/projects/apps/dist/include/x86_64/freetype -I/Users/sebastian/projects/apps/dist/include/x86_64/freetype -I/Users/sebastian/projects/apps/dist/include/x86_64/hostlibffi -I/Users/sebastian/projects/apps/dist/include/x86_64/ffi -I/Users/sebastian/projects/apps/dist/include/x86_64/openssl -I/Users/sebastian/projects/apps/dist/include/common/sdl2 -I/Users/sebastian/projects/apps/dist/include/common/sdl2_image -I/Users/sebastian/projects/apps/dist/include/common/sdl2_mixer -I/Users/sebastian/projects/apps/dist/include/common/sdl2_ttf -I/Users/sebastian/projects/apps/dist/include/common/numpy -I/Users/sebastian/projects/apps/dist/include/x86_64 LDFLAGS=-arch x86_64 -L/Users/sebastian/projects/apps/dist/lib -L/Applications/Xcode.app/Contents/Developer/Platforms/iPhoneSimulator.platform/Developer/SDKs/iPhoneSimulator15.2.sdk/usr/lib -miphoneos-version-min=8.0 --prefix=/ --host=x86_64-apple-darwin13 --without-png --without-bzip2 --without-fsspec --without-harfbuzz --without-old-mac-fonts --enable-static=yes --enable-shared=no

## --------- ##
## Platform. ##
## --------- ##

hostname = Sebastians-MacBook-Pro.local
uname -m = x86_64
uname -r = 21.2.0
uname -s = Darwin
uname -v = Darwin Kernel Version 21.2.0: Sun Nov 28 20:28:54 PST 2021; root:xnu-8019.61.5~1/RELEASE_X86_64

/usr/bin/uname -p = i386
/bin/uname -X     = unknown

/bin/arch              = unknown
/usr/bin/arch -k       = unknown
/usr/convex/getsysinfo = unknown
/usr/bin/hostinfo      = Mach kernel version:
	 Darwin Kernel Version 21.2.0: Sun Nov 28 20:28:54 PST 2021; root:xnu-8019.61.5~1/RELEASE_X86_64
Kernel configured for up to 8 processors.
4 processors are physically available.
8 processors are logically available.
Processor type: x86_64h (Intel x86-64h Haswell)
Processors active: 0 1 2 3 4 5 6 7
Primary memory available: 8.00 gigabytes
Default processor set: 495 tasks, 1876 threads, 8 processors
Load average: 2.81, Mach factor: 5.70
/bin/machine           = unknown
/usr/bin/oslevel       = unknown
/bin/universe          = unknown

PATH: /usr/local/Caskroom/miniconda/base/envs/MMAppIOS/bin
PATH: /Users/sebastian/Downloads/google-cloud-sdk/bin
PATH: /usr/local/Caskroom/miniconda/base/condabin
PATH: /usr/local/sbin
PATH: /Users/sebastian/bin
PATH: /usr/local/bin
PATH: /usr/local/bin
PATH: /usr/bin
PATH: /bin
PATH: /usr/sbin
PATH: /sbin
PATH: /Library/Apple/usr/bin
PATH: /Users/sebastian/.local/bin
PATH: /Users/sebastian/projects/Tools
PATH: /Users/sebastian/.local/bin
PATH: /Users/sebastian/projects/Tools/tools


## ----------- ##
## Core tests. ##
## ----------- ##

configure:2547: checking build system type
configure:2561: result: x86_64-apple-darwin21.2.0
configure:2581: checking host system type
configure:2594: result: x86_64-apple-darwin13
configure:2626: checking for x86_64-apple-darwin13-gcc
configure:2653: result: /var/folders/zm/_mmhqdz13sj2ss2ts25x49j00000gn/T/tmpgxwew2e4
configure:2922: checking for C compiler version
configure:2931: /var/folders/zm/_mmhqdz13sj2ss2ts25x49j00000gn/T/tmpgxwew2e4 --version >&5
Apple clang version 13.0.0 (clang-1300.0.29.30)
Target: x86_64-apple-darwin21.2.0
Thread model: posix
InstalledDir: /Applications/Xcode.app/Contents/Developer/Toolchains/XcodeDefault.xctoolchain/usr/bin
configure:2942: $? = 0
configure:2931: /var/folders/zm/_mmhqdz13sj2ss2ts25x49j00000gn/T/tmpgxwew2e4 -v >&5
Apple clang version 13.0.0 (clang-1300.0.29.30)
Target: x86_64-apple-darwin21.2.0
Thread model: posix
InstalledDir: /Applications/Xcode.app/Contents/Developer/Toolchains/XcodeDefault.xctoolchain/usr/bin
clang: warning: argument unused during compilation: '-no-cpp-precomp' [-Wunused-command-line-argument]
configure:2942: $? = 0
configure:2931: /var/folders/zm/_mmhqdz13sj2ss2ts25x49j00000gn/T/tmpgxwew2e4 -V >&5
clang: error: argument to '-V' is missing (expected 1 value)
clang: error: no input files
configure:2942: $? = 1
configure:2931: /var/folders/zm/_mmhqdz13sj2ss2ts25x49j00000gn/T/tmpgxwew2e4 -qversion >&5
clang: error: unknown argument '-qversion'; did you mean '--version'?
clang: error: no input files
configure:2942: $? = 1
configure:2962: checking whether the C compiler works
configure:2984: /var/folders/zm/_mmhqdz13sj2ss2ts25x49j00000gn/T/tmpgxwew2e4 -O3 -miphoneos-version-min=8.0 -I/Users/sebastian/projects/apps/dist/include/x86_64/freetype -I/Users/sebastian/projects/apps/dist/include/x86_64/freetype -I/Users/sebastian/projects/apps/dist/include/x86_64/hostlibffi -I/Users/sebastian/projects/apps/dist/include/x86_64/ffi -I/Users/sebastian/projects/apps/dist/include/x86_64/openssl -I/Users/sebastian/projects/apps/dist/include/common/sdl2 -I/Users/sebastian/projects/apps/dist/include/common/sdl2_image -I/Users/sebastian/projects/apps/dist/include/common/sdl2_mixer -I/Users/sebastian/projects/apps/dist/include/common/sdl2_ttf -I/Users/sebastian/projects/apps/dist/include/common/numpy -I/Users/sebastian/projects/apps/dist/include/x86_64  -arch x86_64 -L/Users/sebastian/projects/apps/dist/lib -L/Applications/Xcode.app/Contents/Developer/Platforms/iPhoneSimulator.platform/Developer/SDKs/iPhoneSimulator15.2.sdk/usr/lib -miphoneos-version-min=8.0 conftest.c  >&5
ld: warning: directory not found for option '-L/Users/sebastian/projects/apps/dist/lib'
configure:2988: $? = 0
configure:3036: result: yes
configure:3039: checking for C compiler default output file name
configure:3041: result: a.out
configure:3047: checking for suffix of executables
configure:3054: /var/folders/zm/_mmhqdz13sj2ss2ts25x49j00000gn/T/tmpgxwew2e4 -o conftest -O3 -miphoneos-version-min=8.0 -I/Users/sebastian/projects/apps/dist/include/x86_64/freetype -I/Users/sebastian/projects/apps/dist/include/x86_64/freetype -I/Users/sebastian/projects/apps/dist/include/x86_64/hostlibffi -I/Users/sebastian/projects/apps/dist/include/x86_64/ffi -I/Users/sebastian/projects/apps/dist/include/x86_64/openssl -I/Users/sebastian/projects/apps/dist/include/common/sdl2 -I/Users/sebastian/projects/apps/dist/include/common/sdl2_image -I/Users/sebastian/projects/apps/dist/include/common/sdl2_mixer -I/Users/sebastian/projects/apps/dist/include/common/sdl2_ttf -I/Users/sebastian/projects/apps/dist/include/common/numpy -I/Users/sebastian/projects/apps/dist/include/x86_64  -arch x86_64 -L/Users/sebastian/projects/apps/dist/lib -L/Applications/Xcode.app/Contents/Developer/Platforms/iPhoneSimulator.platform/Developer/SDKs/iPhoneSimulator15.2.sdk/usr/lib -miphoneos-version-min=8.0 conftest.c  >&5
ld: warning: directory not found for option '-L/Users/sebastian/projects/apps/dist/lib'
configure:3058: $? = 0
configure:3080: result: 
configure:3102: checking whether we are cross compiling
configure:3110: /var/folders/zm/_mmhqdz13sj2ss2ts25x49j00000gn/T/tmpgxwew2e4 -o conftest -O3 -miphoneos-version-min=8.0 -I/Users/sebastian/projects/apps/dist/include/x86_64/freetype -I/Users/sebastian/projects/apps/dist/include/x86_64/freetype -I/Users/sebastian/projects/apps/dist/include/x86_64/hostlibffi -I/Users/sebastian/projects/apps/dist/include/x86_64/ffi -I/Users/sebastian/projects/apps/dist/include/x86_64/openssl -I/Users/sebastian/projects/apps/dist/include/common/sdl2 -I/Users/sebastian/projects/apps/dist/include/common/sdl2_image -I/Users/sebastian/projects/apps/dist/include/common/sdl2_mixer -I/Users/sebastian/projects/apps/dist/include/common/sdl2_ttf -I/Users/sebastian/projects/apps/dist/include/common/numpy -I/Users/sebastian/projects/apps/dist/include/x86_64  -arch x86_64 -L/Users/sebastian/projects/apps/dist/lib -L/Applications/Xcode.app/Contents/Developer/Platforms/iPhoneSimulator.platform/Developer/SDKs/iPhoneSimulator15.2.sdk/usr/lib -miphoneos-version-min=8.0 conftest.c  >&5
ld: warning: directory not found for option '-L/Users/sebastian/projects/apps/dist/lib'
configure:3114: $? = 0
configure:3121: ./conftest
dyld[67364]: DYLD_ROOT_PATH not set for simulator program
./configure: line 3123: 67364 Abort trap: 6           ./conftest$ac_cv_exeext
configure:3125: $? = 134
configure:3140: result: yes
configure:3145: checking for suffix of object files
configure:3167: /var/folders/zm/_mmhqdz13sj2ss2ts25x49j00000gn/T/tmpgxwew2e4 -c -O3 -miphoneos-version-min=8.0 -I/Users/sebastian/projects/apps/dist/include/x86_64/freetype -I/Users/sebastian/projects/apps/dist/include/x86_64/freetype -I/Users/sebastian/projects/apps/dist/include/x86_64/hostlibffi -I/Users/sebastian/projects/apps/dist/include/x86_64/ffi -I/Users/sebastian/projects/apps/dist/include/x86_64/openssl -I/Users/sebastian/projects/apps/dist/include/common/sdl2 -I/Users/sebastian/projects/apps/dist/include/common/sdl2_image -I/Users/sebastian/projects/apps/dist/include/common/sdl2_mixer -I/Users/sebastian/projects/apps/dist/include/common/sdl2_ttf -I/Users/sebastian/projects/apps/dist/include/common/numpy -I/Users/sebastian/projects/apps/dist/include/x86_64  conftest.c >&5
configure:3171: $? = 0
configure:3192: result: o
configure:3196: checking whether we are using the GNU C compiler
configure:3215: /var/folders/zm/_mmhqdz13sj2ss2ts25x49j00000gn/T/tmpgxwew2e4 -c -O3 -miphoneos-version-min=8.0 -I/Users/sebastian/projects/apps/dist/include/x86_64/freetype -I/Users/sebastian/projects/apps/dist/include/x86_64/freetype -I/Users/sebastian/projects/apps/dist/include/x86_64/hostlibffi -I/Users/sebastian/projects/apps/dist/include/x86_64/ffi -I/Users/sebastian/projects/apps/dist/include/x86_64/openssl -I/Users/sebastian/projects/apps/dist/include/common/sdl2 -I/Users/sebastian/projects/apps/dist/include/common/sdl2_image -I/Users/sebastian/projects/apps/dist/include/common/sdl2_mixer -I/Users/sebastian/projects/apps/dist/include/common/sdl2_ttf -I/Users/sebastian/projects/apps/dist/include/common/numpy -I/Users/sebastian/projects/apps/dist/include/x86_64  conftest.c >&5
configure:3215: $? = 0
configure:3224: result: yes
configure:3233: checking whether /var/folders/zm/_mmhqdz13sj2ss2ts25x49j00000gn/T/tmpgxwew2e4 accepts -g
configure:3253: /var/folders/zm/_mmhqdz13sj2ss2ts25x49j00000gn/T/tmpgxwew2e4 -c -g  conftest.c >&5
configure:3253: $? = 0
configure:3294: result: yes
configure:3311: checking for /var/folders/zm/_mmhqdz13sj2ss2ts25x49j00000gn/T/tmpgxwew2e4 option to accept ISO C89
configure:3374: /var/folders/zm/_mmhqdz13sj2ss2ts25x49j00000gn/T/tmpgxwew2e4  -c -O3 -miphoneos-version-min=8.0 -I/Users/sebastian/projects/apps/dist/include/x86_64/freetype -I/Users/sebastian/projects/apps/dist/include/x86_64/freetype -I/Users/sebastian/projects/apps/dist/include/x86_64/hostlibffi -I/Users/sebastian/projects/apps/dist/include/x86_64/ffi -I/Users/sebastian/projects/apps/dist/include/x86_64/openssl -I/Users/sebastian/projects/apps/dist/include/common/sdl2 -I/Users/sebastian/projects/apps/dist/include/common/sdl2_image -I/Users/sebastian/projects/apps/dist/include/common/sdl2_mixer -I/Users/sebastian/projects/apps/dist/include/common/sdl2_ttf -I/Users/sebastian/projects/apps/dist/include/common/numpy -I/Users/sebastian/projects/apps/dist/include/x86_64  conftest.c >&5
configure:3374: $? = 0
configure:3387: result: none needed
configure:3412: checking how to run the C preprocessor
configure:3443: /var/folders/zm/_mmhqdz13sj2ss2ts25x49j00000gn/T/tmpgxwew2e4 -E  conftest.c
configure:3443: $? = 0
configure:3457: /var/folders/zm/_mmhqdz13sj2ss2ts25x49j00000gn/T/tmpgxwew2e4 -E  conftest.c
conftest.c:9:10: fatal error: 'ac_nonexistent.h' file not found
#include <ac_nonexistent.h>
         ^~~~~~~~~~~~~~~~~~
1 error generated.
configure:3457: $? = 1
configure: failed program was:
| /* confdefs.h */
| #define PACKAGE_NAME "FreeType"
| #define PACKAGE_TARNAME "freetype"
| #define PACKAGE_VERSION "2.10"
| #define PACKAGE_STRING "FreeType 2.10"
| #define PACKAGE_BUGREPORT "freetype@nongnu.org"
| #define PACKAGE_URL ""
| /* end confdefs.h.  */
| #include <ac_nonexistent.h>
configure:3482: result: /var/folders/zm/_mmhqdz13sj2ss2ts25x49j00000gn/T/tmpgxwew2e4 -E
configure:3502: /var/folders/zm/_mmhqdz13sj2ss2ts25x49j00000gn/T/tmpgxwew2e4 -E  conftest.c
configure:3502: $? = 0
configure:3516: /var/folders/zm/_mmhqdz13sj2ss2ts25x49j00000gn/T/tmpgxwew2e4 -E  conftest.c
conftest.c:9:10: fatal error: 'ac_nonexistent.h' file not found
#include <ac_nonexistent.h>
         ^~~~~~~~~~~~~~~~~~
1 error generated.
configure:3516: $? = 1
configure: failed program was:
| /* confdefs.h */
| #define PACKAGE_NAME "FreeType"
| #define PACKAGE_TARNAME "freetype"
| #define PACKAGE_VERSION "2.10"
| #define PACKAGE_STRING "FreeType 2.10"
| #define PACKAGE_BUGREPORT "freetype@nongnu.org"
| #define PACKAGE_URL ""
| /* end confdefs.h.  */
| #include <ac_nonexistent.h>
configure:3557: checking for x86_64-apple-darwin13-pkg-config
configure:3590: result: no
configure:3600: checking for pkg-config
configure:3618: found /usr/local/bin/pkg-config
configure:3630: result: /usr/local/bin/pkg-config
configure:3642: WARNING: using cross tools not prefixed with host triplet
configure:3655: checking pkg-config is at least version 0.24
configure:3658: result: yes
configure:3713: checking how to print strings
configure:3740: result: printf
configure:3761: checking for a sed that does not truncate output
configure:3825: result: /usr/bin/sed
configure:3843: checking for grep that handles long lines and -e
configure:3901: result: /usr/bin/grep
configure:3906: checking for egrep
configure:3968: result: /usr/bin/grep -E
configure:3973: checking for fgrep
configure:4035: result: /usr/bin/grep -F
configure:4070: checking for ld used by /var/folders/zm/_mmhqdz13sj2ss2ts25x49j00000gn/T/tmpgxwew2e4
configure:4137: result: /Applications/Xcode.app/Contents/Developer/Toolchains/XcodeDefault.xctoolchain/usr/bin/ld
configure:4144: checking if the linker (/Applications/Xcode.app/Contents/Developer/Toolchains/XcodeDefault.xctoolchain/usr/bin/ld) is GNU ld
configure:4159: result: no
configure:4171: checking for BSD- or MS-compatible name lister (nm)
configure:4225: result: no
configure:4239: checking for x86_64-apple-darwin13-dumpbin
configure:4269: result: no
configure:4239: checking for x86_64-apple-darwin13-link
configure:4269: result: no
configure:4283: checking for dumpbin
configure:4313: result: no
configure:4283: checking for link
configure:4299: found /bin/link
configure:4310: result: link -dump
configure:4355: checking the name lister (nm) interface
configure:4362: /var/folders/zm/_mmhqdz13sj2ss2ts25x49j00000gn/T/tmpgxwew2e4 -c -O3 -miphoneos-version-min=8.0 -I/Users/sebastian/projects/apps/dist/include/x86_64/freetype -I/Users/sebastian/projects/apps/dist/include/x86_64/freetype -I/Users/sebastian/projects/apps/dist/include/x86_64/hostlibffi -I/Users/sebastian/projects/apps/dist/include/x86_64/ffi -I/Users/sebastian/projects/apps/dist/include/x86_64/openssl -I/Users/sebastian/projects/apps/dist/include/common/sdl2 -I/Users/sebastian/projects/apps/dist/include/common/sdl2_image -I/Users/sebastian/projects/apps/dist/include/common/sdl2_mixer -I/Users/sebastian/projects/apps/dist/include/common/sdl2_ttf -I/Users/sebastian/projects/apps/dist/include/common/numpy -I/Users/sebastian/projects/apps/dist/include/x86_64  conftest.c >&5
configure:4365: nm "conftest.o"
configure:4368: output
0000000000000000 S _some_variable
configure:4375: result: BSD nm
configure:4378: checking whether ln -s works
configure:4382: result: yes
configure:4390: checking the maximum length of command line arguments
configure:4521: result: 786432
configure:4569: checking how to convert x86_64-apple-darwin21.2.0 file names to x86_64-apple-darwin13 format
configure:4609: result: func_convert_file_noop
configure:4616: checking how to convert x86_64-apple-darwin21.2.0 file names to toolchain format
configure:4636: result: func_convert_file_noop
configure:4643: checking for /Applications/Xcode.app/Contents/Developer/Toolchains/XcodeDefault.xctoolchain/usr/bin/ld option to reload object files
configure:4650: result: -r
configure:4684: checking for x86_64-apple-darwin13-objdump
configure:4714: result: no
configure:4724: checking for objdump
configure:4740: found /usr/bin/objdump
configure:4751: result: objdump
configure:4780: checking how to recognize dependent libraries
configure:4980: result: pass_all
configure:5025: checking for x86_64-apple-darwin13-dlltool
configure:5055: result: no
configure:5065: checking for dlltool
configure:5095: result: no
configure:5122: checking how to associate runtime and link libraries
configure:5149: result: printf %s\n
configure:5166: checking for x86_64-apple-darwin13-ar
configure:5196: result: no
configure:5210: checking for ar
configure:5226: found /usr/bin/ar
configure:5237: result: ar
configure:5274: checking for archiver @FILE support
configure:5291: /var/folders/zm/_mmhqdz13sj2ss2ts25x49j00000gn/T/tmpgxwew2e4 -c -O3 -miphoneos-version-min=8.0 -I/Users/sebastian/projects/apps/dist/include/x86_64/freetype -I/Users/sebastian/projects/apps/dist/include/x86_64/freetype -I/Users/sebastian/projects/apps/dist/include/x86_64/hostlibffi -I/Users/sebastian/projects/apps/dist/include/x86_64/ffi -I/Users/sebastian/projects/apps/dist/include/x86_64/openssl -I/Users/sebastian/projects/apps/dist/include/common/sdl2 -I/Users/sebastian/projects/apps/dist/include/common/sdl2_image -I/Users/sebastian/projects/apps/dist/include/common/sdl2_mixer -I/Users/sebastian/projects/apps/dist/include/common/sdl2_ttf -I/Users/sebastian/projects/apps/dist/include/common/numpy -I/Users/sebastian/projects/apps/dist/include/x86_64  conftest.c >&5
configure:5291: $? = 0
configure:5294: ar cru libconftest.a @conftest.lst >&5
ar: @conftest.lst: No such file or directory
configure:5297: $? = 1
configure:5317: result: no
configure:5335: checking for x86_64-apple-darwin13-strip
configure:5365: result: no
configure:5375: checking for strip
configure:5391: found /usr/bin/strip
configure:5402: result: strip
configure:5434: checking for x86_64-apple-darwin13-ranlib
configure:5464: result: no
configure:5474: checking for ranlib
configure:5490: found /usr/bin/ranlib
configure:5501: result: ranlib
configure:5578: checking for gawk
configure:5608: result: no
configure:5578: checking for mawk
configure:5608: result: no
configure:5578: checking for nawk
configure:5608: result: no
configure:5578: checking for awk
configure:5594: found /usr/bin/awk
configure:5605: result: awk
configure:5645: checking command to parse nm output from /var/folders/zm/_mmhqdz13sj2ss2ts25x49j00000gn/T/tmpgxwew2e4 object
configure:5798: /var/folders/zm/_mmhqdz13sj2ss2ts25x49j00000gn/T/tmpgxwew2e4 -c -O3 -miphoneos-version-min=8.0 -I/Users/sebastian/projects/apps/dist/include/x86_64/freetype -I/Users/sebastian/projects/apps/dist/include/x86_64/freetype -I/Users/sebastian/projects/apps/dist/include/x86_64/hostlibffi -I/Users/sebastian/projects/apps/dist/include/x86_64/ffi -I/Users/sebastian/projects/apps/dist/include/x86_64/openssl -I/Users/sebastian/projects/apps/dist/include/common/sdl2 -I/Users/sebastian/projects/apps/dist/include/common/sdl2_image -I/Users/sebastian/projects/apps/dist/include/common/sdl2_mixer -I/Users/sebastian/projects/apps/dist/include/common/sdl2_ttf -I/Users/sebastian/projects/apps/dist/include/common/numpy -I/Users/sebastian/projects/apps/dist/include/x86_64  conftest.c >&5
configure:5801: $? = 0
configure:5805: nm conftest.o \| sed -n -e 's/^.*[ ]\([BCDEGRST][BCDEGRST]*\)[ ][ ]*\([_A-Za-z][_A-Za-z0-9]*\)$/\1 \2 \2/p' | sed '/ __gnu_lto/d' \> conftest.nm
configure:5808: $? = 0
cannot find nm_test_var in conftest.nm
configure:5798: /var/folders/zm/_mmhqdz13sj2ss2ts25x49j00000gn/T/tmpgxwew2e4 -c -O3 -miphoneos-version-min=8.0 -I/Users/sebastian/projects/apps/dist/include/x86_64/freetype -I/Users/sebastian/projects/apps/dist/include/x86_64/freetype -I/Users/sebastian/projects/apps/dist/include/x86_64/hostlibffi -I/Users/sebastian/projects/apps/dist/include/x86_64/ffi -I/Users/sebastian/projects/apps/dist/include/x86_64/openssl -I/Users/sebastian/projects/apps/dist/include/common/sdl2 -I/Users/sebastian/projects/apps/dist/include/common/sdl2_image -I/Users/sebastian/projects/apps/dist/include/common/sdl2_mixer -I/Users/sebastian/projects/apps/dist/include/common/sdl2_ttf -I/Users/sebastian/projects/apps/dist/include/common/numpy -I/Users/sebastian/projects/apps/dist/include/x86_64  conftest.c >&5
configure:5801: $? = 0
configure:5805: nm conftest.o \| sed -n -e 's/^.*[ ]\([BCDEGRST][BCDEGRST]*\)[ ][ ]*_\([_A-Za-z][_A-Za-z0-9]*\)$/\1 _\2 \2/p' | sed '/ __gnu_lto/d' \> conftest.nm
configure:5808: $? = 0
configure:5874: /var/folders/zm/_mmhqdz13sj2ss2ts25x49j00000gn/T/tmpgxwew2e4 -o conftest -O3 -miphoneos-version-min=8.0 -I/Users/sebastian/projects/apps/dist/include/x86_64/freetype -I/Users/sebastian/projects/apps/dist/include/x86_64/freetype -I/Users/sebastian/projects/apps/dist/include/x86_64/hostlibffi -I/Users/sebastian/projects/apps/dist/include/x86_64/ffi -I/Users/sebastian/projects/apps/dist/include/x86_64/openssl -I/Users/sebastian/projects/apps/dist/include/common/sdl2 -I/Users/sebastian/projects/apps/dist/include/common/sdl2_image -I/Users/sebastian/projects/apps/dist/include/common/sdl2_mixer -I/Users/sebastian/projects/apps/dist/include/common/sdl2_ttf -I/Users/sebastian/projects/apps/dist/include/common/numpy -I/Users/sebastian/projects/apps/dist/include/x86_64  -arch x86_64 -L/Users/sebastian/projects/apps/dist/lib -L/Applications/Xcode.app/Contents/Developer/Platforms/iPhoneSimulator.platform/Developer/SDKs/iPhoneSimulator15.2.sdk/usr/lib -miphoneos-version-min=8.0 conftest.c conftstm.o >&5
ld: warning: directory not found for option '-L/Users/sebastian/projects/apps/dist/lib'
configure:5877: $? = 0
configure:5915: result: ok
configure:5962: checking for sysroot
configure:5992: result: no
configure:5999: checking for a working dd
configure:6037: result: /bin/dd
configure:6041: checking how to truncate binary pipes
configure:6056: result: /bin/dd bs=4096 count=1
configure:6345: checking for x86_64-apple-darwin13-mt
configure:6375: result: no
configure:6385: checking for mt
configure:6415: result: no
configure:6435: checking if : is a manifest tool
configure:6441: : '-?'
configure:6449: result: no
configure:6465: checking for x86_64-apple-darwin13-dsymutil
configure:6495: result: no
configure:6505: checking for dsymutil
configure:6521: found /usr/bin/dsymutil
configure:6532: result: dsymutil
configure:6557: checking for x86_64-apple-darwin13-nmedit
configure:6587: result: no
configure:6597: checking for nmedit
configure:6613: found /usr/bin/nmedit
configure:6624: result: nmedit
configure:6649: checking for x86_64-apple-darwin13-lipo
configure:6679: result: no
configure:6689: checking for lipo
configure:6705: found /usr/bin/lipo
configure:6716: result: lipo
configure:6741: checking for x86_64-apple-darwin13-otool
configure:6771: result: no
configure:6781: checking for otool
configure:6797: found /usr/bin/otool
configure:6808: result: otool
configure:6833: checking for x86_64-apple-darwin13-otool64
configure:6863: result: no
configure:6873: checking for otool64
configure:6903: result: no
configure:6948: checking for -single_module linker flag
/var/folders/zm/_mmhqdz13sj2ss2ts25x49j00000gn/T/tmpgxwew2e4 -O3 -miphoneos-version-min=8.0 -I/Users/sebastian/projects/apps/dist/include/x86_64/freetype -I/Users/sebastian/projects/apps/dist/include/x86_64/freetype -I/Users/sebastian/projects/apps/dist/include/x86_64/hostlibffi -I/Users/sebastian/projects/apps/dist/include/x86_64/ffi -I/Users/sebastian/projects/apps/dist/include/x86_64/openssl -I/Users/sebastian/projects/apps/dist/include/common/sdl2 -I/Users/sebastian/projects/apps/dist/include/common/sdl2_image -I/Users/sebastian/projects/apps/dist/include/common/sdl2_mixer -I/Users/sebastian/projects/apps/dist/include/common/sdl2_ttf -I/Users/sebastian/projects/apps/dist/include/common/numpy -I/Users/sebastian/projects/apps/dist/include/x86_64 -arch x86_64 -L/Users/sebastian/projects/apps/dist/lib -L/Applications/Xcode.app/Contents/Developer/Platforms/iPhoneSimulator.platform/Developer/SDKs/iPhoneSimulator15.2.sdk/usr/lib -miphoneos-version-min=8.0 -o libconftest.dylib -dynamiclib -Wl,-single_module conftest.c
configure:6981: result: yes
configure:6984: checking for -exported_symbols_list linker flag
configure:7004: /var/folders/zm/_mmhqdz13sj2ss2ts25x49j00000gn/T/tmpgxwew2e4 -o conftest -O3 -miphoneos-version-min=8.0 -I/Users/sebastian/projects/apps/dist/include/x86_64/freetype -I/Users/sebastian/projects/apps/dist/include/x86_64/freetype -I/Users/sebastian/projects/apps/dist/include/x86_64/hostlibffi -I/Users/sebastian/projects/apps/dist/include/x86_64/ffi -I/Users/sebastian/projects/apps/dist/include/x86_64/openssl -I/Users/sebastian/projects/apps/dist/include/common/sdl2 -I/Users/sebastian/projects/apps/dist/include/common/sdl2_image -I/Users/sebastian/projects/apps/dist/include/common/sdl2_mixer -I/Users/sebastian/projects/apps/dist/include/common/sdl2_ttf -I/Users/sebastian/projects/apps/dist/include/common/numpy -I/Users/sebastian/projects/apps/dist/include/x86_64  -arch x86_64 -L/Users/sebastian/projects/apps/dist/lib -L/Applications/Xcode.app/Contents/Developer/Platforms/iPhoneSimulator.platform/Developer/SDKs/iPhoneSimulator15.2.sdk/usr/lib -miphoneos-version-min=8.0 -Wl,-exported_symbols_list,conftest.sym conftest.c  >&5
ld: warning: directory not found for option '-L/Users/sebastian/projects/apps/dist/lib'
configure:7004: $? = 0
configure:7014: result: yes
configure:7017: checking for -force_load linker flag
/var/folders/zm/_mmhqdz13sj2ss2ts25x49j00000gn/T/tmpgxwew2e4 -O3 -miphoneos-version-min=8.0 -I/Users/sebastian/projects/apps/dist/include/x86_64/freetype -I/Users/sebastian/projects/apps/dist/include/x86_64/freetype -I/Users/sebastian/projects/apps/dist/include/x86_64/hostlibffi -I/Users/sebastian/projects/apps/dist/include/x86_64/ffi -I/Users/sebastian/projects/apps/dist/include/x86_64/openssl -I/Users/sebastian/projects/apps/dist/include/common/sdl2 -I/Users/sebastian/projects/apps/dist/include/common/sdl2_image -I/Users/sebastian/projects/apps/dist/include/common/sdl2_mixer -I/Users/sebastian/projects/apps/dist/include/common/sdl2_ttf -I/Users/sebastian/projects/apps/dist/include/common/numpy -I/Users/sebastian/projects/apps/dist/include/x86_64 -c -o conftest.o conftest.c
ar cru libconftest.a conftest.o
ranlib libconftest.a
/var/folders/zm/_mmhqdz13sj2ss2ts25x49j00000gn/T/tmpgxwew2e4 -O3 -miphoneos-version-min=8.0 -I/Users/sebastian/projects/apps/dist/include/x86_64/freetype -I/Users/sebastian/projects/apps/dist/include/x86_64/freetype -I/Users/sebastian/projects/apps/dist/include/x86_64/hostlibffi -I/Users/sebastian/projects/apps/dist/include/x86_64/ffi -I/Users/sebastian/projects/apps/dist/include/x86_64/openssl -I/Users/sebastian/projects/apps/dist/include/common/sdl2 -I/Users/sebastian/projects/apps/dist/include/common/sdl2_image -I/Users/sebastian/projects/apps/dist/include/common/sdl2_mixer -I/Users/sebastian/projects/apps/dist/include/common/sdl2_ttf -I/Users/sebastian/projects/apps/dist/include/common/numpy -I/Users/sebastian/projects/apps/dist/include/x86_64 -arch x86_64 -L/Users/sebastian/projects/apps/dist/lib -L/Applications/Xcode.app/Contents/Developer/Platforms/iPhoneSimulator.platform/Developer/SDKs/iPhoneSimulator15.2.sdk/usr/lib -miphoneos-version-min=8.0 -o conftest conftest.c -Wl,-force_load,./libconftest.a
configure:7049: result: yes
configure:7122: checking for ANSI C header files
configure:7142: /var/folders/zm/_mmhqdz13sj2ss2ts25x49j00000gn/T/tmpgxwew2e4 -c -O3 -miphoneos-version-min=8.0 -I/Users/sebastian/projects/apps/dist/include/x86_64/freetype -I/Users/sebastian/projects/apps/dist/include/x86_64/freetype -I/Users/sebastian/projects/apps/dist/include/x86_64/hostlibffi -I/Users/sebastian/projects/apps/dist/include/x86_64/ffi -I/Users/sebastian/projects/apps/dist/include/x86_64/openssl -I/Users/sebastian/projects/apps/dist/include/common/sdl2 -I/Users/sebastian/projects/apps/dist/include/common/sdl2_image -I/Users/sebastian/projects/apps/dist/include/common/sdl2_mixer -I/Users/sebastian/projects/apps/dist/include/common/sdl2_ttf -I/Users/sebastian/projects/apps/dist/include/common/numpy -I/Users/sebastian/projects/apps/dist/include/x86_64  conftest.c >&5
configure:7142: $? = 0
configure:7226: result: yes
configure:7239: checking for sys/types.h
configure:7239: /var/folders/zm/_mmhqdz13sj2ss2ts25x49j00000gn/T/tmpgxwew2e4 -c -O3 -miphoneos-version-min=8.0 -I/Users/sebastian/projects/apps/dist/include/x86_64/freetype -I/Users/sebastian/projects/apps/dist/include/x86_64/freetype -I/Users/sebastian/projects/apps/dist/include/x86_64/hostlibffi -I/Users/sebastian/projects/apps/dist/include/x86_64/ffi -I/Users/sebastian/projects/apps/dist/include/x86_64/openssl -I/Users/sebastian/projects/apps/dist/include/common/sdl2 -I/Users/sebastian/projects/apps/dist/include/common/sdl2_image -I/Users/sebastian/projects/apps/dist/include/common/sdl2_mixer -I/Users/sebastian/projects/apps/dist/include/common/sdl2_ttf -I/Users/sebastian/projects/apps/dist/include/common/numpy -I/Users/sebastian/projects/apps/dist/include/x86_64  conftest.c >&5
configure:7239: $? = 0
configure:7239: result: yes
configure:7239: checking for sys/stat.h
configure:7239: /var/folders/zm/_mmhqdz13sj2ss2ts25x49j00000gn/T/tmpgxwew2e4 -c -O3 -miphoneos-version-min=8.0 -I/Users/sebastian/projects/apps/dist/include/x86_64/freetype -I/Users/sebastian/projects/apps/dist/include/x86_64/freetype -I/Users/sebastian/projects/apps/dist/include/x86_64/hostlibffi -I/Users/sebastian/projects/apps/dist/include/x86_64/ffi -I/Users/sebastian/projects/apps/dist/include/x86_64/openssl -I/Users/sebastian/projects/apps/dist/include/common/sdl2 -I/Users/sebastian/projects/apps/dist/include/common/sdl2_image -I/Users/sebastian/projects/apps/dist/include/common/sdl2_mixer -I/Users/sebastian/projects/apps/dist/include/common/sdl2_ttf -I/Users/sebastian/projects/apps/dist/include/common/numpy -I/Users/sebastian/projects/apps/dist/include/x86_64  conftest.c >&5
configure:7239: $? = 0
configure:7239: result: yes
configure:7239: checking for stdlib.h
configure:7239: /var/folders/zm/_mmhqdz13sj2ss2ts25x49j00000gn/T/tmpgxwew2e4 -c -O3 -miphoneos-version-min=8.0 -I/Users/sebastian/projects/apps/dist/include/x86_64/freetype -I/Users/sebastian/projects/apps/dist/include/x86_64/freetype -I/Users/sebastian/projects/apps/dist/include/x86_64/hostlibffi -I/Users/sebastian/projects/apps/dist/include/x86_64/ffi -I/Users/sebastian/projects/apps/dist/include/x86_64/openssl -I/Users/sebastian/projects/apps/dist/include/common/sdl2 -I/Users/sebastian/projects/apps/dist/include/common/sdl2_image -I/Users/sebastian/projects/apps/dist/include/common/sdl2_mixer -I/Users/sebastian/projects/apps/dist/include/common/sdl2_ttf -I/Users/sebastian/projects/apps/dist/include/common/numpy -I/Users/sebastian/projects/apps/dist/include/x86_64  conftest.c >&5
configure:7239: $? = 0
configure:7239: result: yes
configure:7239: checking for string.h
configure:7239: /var/folders/zm/_mmhqdz13sj2ss2ts25x49j00000gn/T/tmpgxwew2e4 -c -O3 -miphoneos-version-min=8.0 -I/Users/sebastian/projects/apps/dist/include/x86_64/freetype -I/Users/sebastian/projects/apps/dist/include/x86_64/freetype -I/Users/sebastian/projects/apps/dist/include/x86_64/hostlibffi -I/Users/sebastian/projects/apps/dist/include/x86_64/ffi -I/Users/sebastian/projects/apps/dist/include/x86_64/openssl -I/Users/sebastian/projects/apps/dist/include/common/sdl2 -I/Users/sebastian/projects/apps/dist/include/common/sdl2_image -I/Users/sebastian/projects/apps/dist/include/common/sdl2_mixer -I/Users/sebastian/projects/apps/dist/include/common/sdl2_ttf -I/Users/sebastian/projects/apps/dist/include/common/numpy -I/Users/sebastian/projects/apps/dist/include/x86_64  conftest.c >&5
configure:7239: $? = 0
configure:7239: result: yes
configure:7239: checking for memory.h
configure:7239: /var/folders/zm/_mmhqdz13sj2ss2ts25x49j00000gn/T/tmpgxwew2e4 -c -O3 -miphoneos-version-min=8.0 -I/Users/sebastian/projects/apps/dist/include/x86_64/freetype -I/Users/sebastian/projects/apps/dist/include/x86_64/freetype -I/Users/sebastian/projects/apps/dist/include/x86_64/hostlibffi -I/Users/sebastian/projects/apps/dist/include/x86_64/ffi -I/Users/sebastian/projects/apps/dist/include/x86_64/openssl -I/Users/sebastian/projects/apps/dist/include/common/sdl2 -I/Users/sebastian/projects/apps/dist/include/common/sdl2_image -I/Users/sebastian/projects/apps/dist/include/common/sdl2_mixer -I/Users/sebastian/projects/apps/dist/include/common/sdl2_ttf -I/Users/sebastian/projects/apps/dist/include/common/numpy -I/Users/sebastian/projects/apps/dist/include/x86_64  conftest.c >&5
configure:7239: $? = 0
configure:7239: result: yes
configure:7239: checking for strings.h
configure:7239: /var/folders/zm/_mmhqdz13sj2ss2ts25x49j00000gn/T/tmpgxwew2e4 -c -O3 -miphoneos-version-min=8.0 -I/Users/sebastian/projects/apps/dist/include/x86_64/freetype -I/Users/sebastian/projects/apps/dist/include/x86_64/freetype -I/Users/sebastian/projects/apps/dist/include/x86_64/hostlibffi -I/Users/sebastian/projects/apps/dist/include/x86_64/ffi -I/Users/sebastian/projects/apps/dist/include/x86_64/openssl -I/Users/sebastian/projects/apps/dist/include/common/sdl2 -I/Users/sebastian/projects/apps/dist/include/common/sdl2_image -I/Users/sebastian/projects/apps/dist/include/common/sdl2_mixer -I/Users/sebastian/projects/apps/dist/include/common/sdl2_ttf -I/Users/sebastian/projects/apps/dist/include/common/numpy -I/Users/sebastian/projects/apps/dist/include/x86_64  conftest.c >&5
configure:7239: $? = 0
configure:7239: result: yes
configure:7239: checking for inttypes.h
configure:7239: /var/folders/zm/_mmhqdz13sj2ss2ts25x49j00000gn/T/tmpgxwew2e4 -c -O3 -miphoneos-version-min=8.0 -I/Users/sebastian/projects/apps/dist/include/x86_64/freetype -I/Users/sebastian/projects/apps/dist/include/x86_64/freetype -I/Users/sebastian/projects/apps/dist/include/x86_64/hostlibffi -I/Users/sebastian/projects/apps/dist/include/x86_64/ffi -I/Users/sebastian/projects/apps/dist/include/x86_64/openssl -I/Users/sebastian/projects/apps/dist/include/common/sdl2 -I/Users/sebastian/projects/apps/dist/include/common/sdl2_image -I/Users/sebastian/projects/apps/dist/include/common/sdl2_mixer -I/Users/sebastian/projects/apps/dist/include/common/sdl2_ttf -I/Users/sebastian/projects/apps/dist/include/common/numpy -I/Users/sebastian/projects/apps/dist/include/x86_64  conftest.c >&5
configure:7239: $? = 0
configure:7239: result: yes
configure:7239: checking for stdint.h
configure:7239: /var/folders/zm/_mmhqdz13sj2ss2ts25x49j00000gn/T/tmpgxwew2e4 -c -O3 -miphoneos-version-min=8.0 -I/Users/sebastian/projects/apps/dist/include/x86_64/freetype -I/Users/sebastian/projects/apps/dist/include/x86_64/freetype -I/Users/sebastian/projects/apps/dist/include/x86_64/hostlibffi -I/Users/sebastian/projects/apps/dist/include/x86_64/ffi -I/Users/sebastian/projects/apps/dist/include/x86_64/openssl -I/Users/sebastian/projects/apps/dist/include/common/sdl2 -I/Users/sebastian/projects/apps/dist/include/common/sdl2_image -I/Users/sebastian/projects/apps/dist/include/common/sdl2_mixer -I/Users/sebastian/projects/apps/dist/include/common/sdl2_ttf -I/Users/sebastian/projects/apps/dist/include/common/numpy -I/Users/sebastian/projects/apps/dist/include/x86_64  conftest.c >&5
configure:7239: $? = 0
configure:7239: result: yes
configure:7239: checking for unistd.h
configure:7239: /var/folders/zm/_mmhqdz13sj2ss2ts25x49j00000gn/T/tmpgxwew2e4 -c -O3 -miphoneos-version-min=8.0 -I/Users/sebastian/projects/apps/dist/include/x86_64/freetype -I/Users/sebastian/projects/apps/dist/include/x86_64/freetype -I/Users/sebastian/projects/apps/dist/include/x86_64/hostlibffi -I/Users/sebastian/projects/apps/dist/include/x86_64/ffi -I/Users/sebastian/projects/apps/dist/include/x86_64/openssl -I/Users/sebastian/projects/apps/dist/include/common/sdl2 -I/Users/sebastian/projects/apps/dist/include/common/sdl2_image -I/Users/sebastian/projects/apps/dist/include/common/sdl2_mixer -I/Users/sebastian/projects/apps/dist/include/common/sdl2_ttf -I/Users/sebastian/projects/apps/dist/include/common/numpy -I/Users/sebastian/projects/apps/dist/include/x86_64  conftest.c >&5
configure:7239: $? = 0
configure:7239: result: yes
configure:7253: checking for dlfcn.h
configure:7253: /var/folders/zm/_mmhqdz13sj2ss2ts25x49j00000gn/T/tmpgxwew2e4 -c -O3 -miphoneos-version-min=8.0 -I/Users/sebastian/projects/apps/dist/include/x86_64/freetype -I/Users/sebastian/projects/apps/dist/include/x86_64/freetype -I/Users/sebastian/projects/apps/dist/include/x86_64/hostlibffi -I/Users/sebastian/projects/apps/dist/include/x86_64/ffi -I/Users/sebastian/projects/apps/dist/include/x86_64/openssl -I/Users/sebastian/projects/apps/dist/include/common/sdl2 -I/Users/sebastian/projects/apps/dist/include/common/sdl2_image -I/Users/sebastian/projects/apps/dist/include/common/sdl2_mixer -I/Users/sebastian/projects/apps/dist/include/common/sdl2_ttf -I/Users/sebastian/projects/apps/dist/include/common/numpy -I/Users/sebastian/projects/apps/dist/include/x86_64  conftest.c >&5
configure:7253: $? = 0
configure:7253: result: yes
configure:7807: checking for objdir
configure:7822: result: .libs
configure:8082: checking if /var/folders/zm/_mmhqdz13sj2ss2ts25x49j00000gn/T/tmpgxwew2e4 supports -fno-rtti -fno-exceptions
configure:8100: /var/folders/zm/_mmhqdz13sj2ss2ts25x49j00000gn/T/tmpgxwew2e4 -c -O3 -miphoneos-version-min=8.0 -I/Users/sebastian/projects/apps/dist/include/x86_64/freetype -I/Users/sebastian/projects/apps/dist/include/x86_64/freetype -I/Users/sebastian/projects/apps/dist/include/x86_64/hostlibffi -I/Users/sebastian/projects/apps/dist/include/x86_64/ffi -I/Users/sebastian/projects/apps/dist/include/x86_64/openssl -I/Users/sebastian/projects/apps/dist/include/common/sdl2 -I/Users/sebastian/projects/apps/dist/include/common/sdl2_image -I/Users/sebastian/projects/apps/dist/include/common/sdl2_mixer -I/Users/sebastian/projects/apps/dist/include/common/sdl2_ttf -I/Users/sebastian/projects/apps/dist/include/common/numpy -I/Users/sebastian/projects/apps/dist/include/x86_64  -fno-rtti -fno-exceptions conftest.c >&5
configure:8104: $? = 0
configure:8117: result: yes
configure:8475: checking for /var/folders/zm/_mmhqdz13sj2ss2ts25x49j00000gn/T/tmpgxwew2e4 option to produce PIC
configure:8482: result: -fno-common -DPIC
configure:8490: checking if /var/folders/zm/_mmhqdz13sj2ss2ts25x49j00000gn/T/tmpgxwew2e4 PIC flag -fno-common -DPIC works
configure:8508: /var/folders/zm/_mmhqdz13sj2ss2ts25x49j00000gn/T/tmpgxwew2e4 -c -O3 -miphoneos-version-min=8.0 -I/Users/sebastian/projects/apps/dist/include/x86_64/freetype -I/Users/sebastian/projects/apps/dist/include/x86_64/freetype -I/Users/sebastian/projects/apps/dist/include/x86_64/hostlibffi -I/Users/sebastian/projects/apps/dist/include/x86_64/ffi -I/Users/sebastian/projects/apps/dist/include/x86_64/openssl -I/Users/sebastian/projects/apps/dist/include/common/sdl2 -I/Users/sebastian/projects/apps/dist/include/common/sdl2_image -I/Users/sebastian/projects/apps/dist/include/common/sdl2_mixer -I/Users/sebastian/projects/apps/dist/include/common/sdl2_ttf -I/Users/sebastian/projects/apps/dist/include/common/numpy -I/Users/sebastian/projects/apps/dist/include/x86_64  -fno-common -DPIC -DPIC conftest.c >&5
configure:8512: $? = 0
configure:8525: result: yes
configure:8554: checking if /var/folders/zm/_mmhqdz13sj2ss2ts25x49j00000gn/T/tmpgxwew2e4 static flag -static works
configure:8582: result: no
configure:8597: checking if /var/folders/zm/_mmhqdz13sj2ss2ts25x49j00000gn/T/tmpgxwew2e4 supports -c -o file.o
configure:8618: /var/folders/zm/_mmhqdz13sj2ss2ts25x49j00000gn/T/tmpgxwew2e4 -c -O3 -miphoneos-version-min=8.0 -I/Users/sebastian/projects/apps/dist/include/x86_64/freetype -I/Users/sebastian/projects/apps/dist/include/x86_64/freetype -I/Users/sebastian/projects/apps/dist/include/x86_64/hostlibffi -I/Users/sebastian/projects/apps/dist/include/x86_64/ffi -I/Users/sebastian/projects/apps/dist/include/x86_64/openssl -I/Users/sebastian/projects/apps/dist/include/common/sdl2 -I/Users/sebastian/projects/apps/dist/include/common/sdl2_image -I/Users/sebastian/projects/apps/dist/include/common/sdl2_mixer -I/Users/sebastian/projects/apps/dist/include/common/sdl2_ttf -I/Users/sebastian/projects/apps/dist/include/common/numpy -I/Users/sebastian/projects/apps/dist/include/x86_64  -o out/conftest2.o conftest.c >&5
configure:8622: $? = 0
configure:8644: result: yes
configure:8652: checking if /var/folders/zm/_mmhqdz13sj2ss2ts25x49j00000gn/T/tmpgxwew2e4 supports -c -o file.o
configure:8699: result: yes
configure:8732: checking whether the /var/folders/zm/_mmhqdz13sj2ss2ts25x49j00000gn/T/tmpgxwew2e4 linker (/Applications/Xcode.app/Contents/Developer/Toolchains/XcodeDefault.xctoolchain/usr/bin/ld) supports shared libraries
configure:9991: result: yes
configure:10231: checking dynamic linker characteristics
configure:11049: result: darwin13 dyld
configure:11171: checking how to hardcode library paths into programs
configure:11196: result: immediate
configure:11744: checking whether stripping libraries is possible
configure:11758: result: yes
configure:11784: checking if libtool supports shared libraries
configure:11786: result: yes
configure:11789: checking whether to build shared libraries
configure:11814: result: no
configure:11817: checking whether to build static libraries
configure:11821: result: yes
configure:11858: checking windows.h usability
configure:11858: /var/folders/zm/_mmhqdz13sj2ss2ts25x49j00000gn/T/tmpgxwew2e4 -c -O3 -miphoneos-version-min=8.0 -I/Users/sebastian/projects/apps/dist/include/x86_64/freetype -I/Users/sebastian/projects/apps/dist/include/x86_64/freetype -I/Users/sebastian/projects/apps/dist/include/x86_64/hostlibffi -I/Users/sebastian/projects/apps/dist/include/x86_64/ffi -I/Users/sebastian/projects/apps/dist/include/x86_64/openssl -I/Users/sebastian/projects/apps/dist/include/common/sdl2 -I/Users/sebastian/projects/apps/dist/include/common/sdl2_image -I/Users/sebastian/projects/apps/dist/include/common/sdl2_mixer -I/Users/sebastian/projects/apps/dist/include/common/sdl2_ttf -I/Users/sebastian/projects/apps/dist/include/common/numpy -I/Users/sebastian/projects/apps/dist/include/x86_64  conftest.c >&5
conftest.c:54:10: fatal error: 'windows.h' file not found
#include <windows.h>
         ^~~~~~~~~~~
1 error generated.
configure:11858: $? = 1
configure: failed program was:
| /* confdefs.h */
| #define PACKAGE_NAME "FreeType"
| #define PACKAGE_TARNAME "freetype"
| #define PACKAGE_VERSION "2.10"
| #define PACKAGE_STRING "FreeType 2.10"
| #define PACKAGE_BUGREPORT "freetype@nongnu.org"
| #define PACKAGE_URL ""
| #define STDC_HEADERS 1
| #define HAVE_SYS_TYPES_H 1
| #define HAVE_SYS_STAT_H 1
| #define HAVE_STDLIB_H 1
| #define HAVE_STRING_H 1
| #define HAVE_MEMORY_H 1
| #define HAVE_STRINGS_H 1
| #define HAVE_INTTYPES_H 1
| #define HAVE_STDINT_H 1
| #define HAVE_UNISTD_H 1
| #define HAVE_DLFCN_H 1
| #define LT_OBJDIR ".libs/"
| /* end confdefs.h.  */
| #include <stdio.h>
| #ifdef HAVE_SYS_TYPES_H
| # include <sys/types.h>
| #endif
| #ifdef HAVE_SYS_STAT_H
| # include <sys/stat.h>
| #endif
| #ifdef STDC_HEADERS
| # include <stdlib.h>
| # include <stddef.h>
| #else
| # ifdef HAVE_STDLIB_H
| #  include <stdlib.h>
| # endif
| #endif
| #ifdef HAVE_STRING_H
| # if !defined STDC_HEADERS && defined HAVE_MEMORY_H
| #  include <memory.h>
| # endif
| # include <string.h>
| #endif
| #ifdef HAVE_STRINGS_H
| # include <strings.h>
| #endif
| #ifdef HAVE_INTTYPES_H
| # include <inttypes.h>
| #endif
| #ifdef HAVE_STDINT_H
| # include <stdint.h>
| #endif
| #ifdef HAVE_UNISTD_H
| # include <unistd.h>
| #endif
| #include <windows.h>
configure:11858: result: no
configure:11858: checking windows.h presence
configure:11858: /var/folders/zm/_mmhqdz13sj2ss2ts25x49j00000gn/T/tmpgxwew2e4 -E  conftest.c
conftest.c:21:10: fatal error: 'windows.h' file not found
#include <windows.h>
         ^~~~~~~~~~~
1 error generated.
configure:11858: $? = 1
configure: failed program was:
| /* confdefs.h */
| #define PACKAGE_NAME "FreeType"
| #define PACKAGE_TARNAME "freetype"
| #define PACKAGE_VERSION "2.10"
| #define PACKAGE_STRING "FreeType 2.10"
| #define PACKAGE_BUGREPORT "freetype@nongnu.org"
| #define PACKAGE_URL ""
| #define STDC_HEADERS 1
| #define HAVE_SYS_TYPES_H 1
| #define HAVE_SYS_STAT_H 1
| #define HAVE_STDLIB_H 1
| #define HAVE_STRING_H 1
| #define HAVE_MEMORY_H 1
| #define HAVE_STRINGS_H 1
| #define HAVE_INTTYPES_H 1
| #define HAVE_STDINT_H 1
| #define HAVE_UNISTD_H 1
| #define HAVE_DLFCN_H 1
| #define LT_OBJDIR ".libs/"
| /* end confdefs.h.  */
| #include <windows.h>
configure:11858: result: no
configure:11858: checking for windows.h
configure:11858: result: no
configure:12039: checking for x86_64-apple-darwin21.2.0-gcc
configure:12069: result: no
configure:12076: checking for gcc
configure:12092: found /usr/bin/gcc
configure:12103: result: gcc
configure:12113: checking for gcc
configure:12157: result: gcc
configure:12167: checking for suffix of native executables
configure:12181: result: 
configure:12211: checking for a BSD-compatible install
configure:12279: result: /usr/bin/install -c
configure:12298: checking for a thread-safe mkdir -p
configure:12337: result: ./install-sh -c -d
configure:12351: checking for ANSI C header files
configure:12455: result: yes
configure:12466: checking fcntl.h usability
configure:12466: /var/folders/zm/_mmhqdz13sj2ss2ts25x49j00000gn/T/tmpgxwew2e4 -c -O3 -miphoneos-version-min=8.0 -I/Users/sebastian/projects/apps/dist/include/x86_64/freetype -I/Users/sebastian/projects/apps/dist/include/x86_64/freetype -I/Users/sebastian/projects/apps/dist/include/x86_64/hostlibffi -I/Users/sebastian/projects/apps/dist/include/x86_64/ffi -I/Users/sebastian/projects/apps/dist/include/x86_64/openssl -I/Users/sebastian/projects/apps/dist/include/common/sdl2 -I/Users/sebastian/projects/apps/dist/include/common/sdl2_image -I/Users/sebastian/projects/apps/dist/include/common/sdl2_mixer -I/Users/sebastian/projects/apps/dist/include/common/sdl2_ttf -I/Users/sebastian/projects/apps/dist/include/common/numpy -I/Users/sebastian/projects/apps/dist/include/x86_64  conftest.c >&5
configure:12466: $? = 0
configure:12466: result: yes
configure:12466: checking fcntl.h presence
configure:12466: /var/folders/zm/_mmhqdz13sj2ss2ts25x49j00000gn/T/tmpgxwew2e4 -E  conftest.c
configure:12466: $? = 0
configure:12466: result: yes
configure:12466: checking for fcntl.h
configure:12466: result: yes
configure:12466: checking for unistd.h
configure:12466: result: yes
configure:12480: checking for an ANSI C-conforming const
configure:12546: /var/folders/zm/_mmhqdz13sj2ss2ts25x49j00000gn/T/tmpgxwew2e4 -c -O3 -miphoneos-version-min=8.0 -I/Users/sebastian/projects/apps/dist/include/x86_64/freetype -I/Users/sebastian/projects/apps/dist/include/x86_64/freetype -I/Users/sebastian/projects/apps/dist/include/x86_64/hostlibffi -I/Users/sebastian/projects/apps/dist/include/x86_64/ffi -I/Users/sebastian/projects/apps/dist/include/x86_64/openssl -I/Users/sebastian/projects/apps/dist/include/common/sdl2 -I/Users/sebastian/projects/apps/dist/include/common/sdl2_image -I/Users/sebastian/projects/apps/dist/include/common/sdl2_mixer -I/Users/sebastian/projects/apps/dist/include/common/sdl2_ttf -I/Users/sebastian/projects/apps/dist/include/common/numpy -I/Users/sebastian/projects/apps/dist/include/x86_64  conftest.c >&5
configure:12546: $? = 0
configure:12553: result: yes
configure:12565: checking size of int
configure:12570: /var/folders/zm/_mmhqdz13sj2ss2ts25x49j00000gn/T/tmpgxwew2e4 -c -O3 -miphoneos-version-min=8.0 -I/Users/sebastian/projects/apps/dist/include/x86_64/freetype -I/Users/sebastian/projects/apps/dist/include/x86_64/freetype -I/Users/sebastian/projects/apps/dist/include/x86_64/hostlibffi -I/Users/sebastian/projects/apps/dist/include/x86_64/ffi -I/Users/sebastian/projects/apps/dist/include/x86_64/openssl -I/Users/sebastian/projects/apps/dist/include/common/sdl2 -I/Users/sebastian/projects/apps/dist/include/common/sdl2_image -I/Users/sebastian/projects/apps/dist/include/common/sdl2_mixer -I/Users/sebastian/projects/apps/dist/include/common/sdl2_ttf -I/Users/sebastian/projects/apps/dist/include/common/numpy -I/Users/sebastian/projects/apps/dist/include/x86_64  conftest.c >&5
configure:12570: $? = 0
configure:12570: /var/folders/zm/_mmhqdz13sj2ss2ts25x49j00000gn/T/tmpgxwew2e4 -c -O3 -miphoneos-version-min=8.0 -I/Users/sebastian/projects/apps/dist/include/x86_64/freetype -I/Users/sebastian/projects/apps/dist/include/x86_64/freetype -I/Users/sebastian/projects/apps/dist/include/x86_64/hostlibffi -I/Users/sebastian/projects/apps/dist/include/x86_64/ffi -I/Users/sebastian/projects/apps/dist/include/x86_64/openssl -I/Users/sebastian/projects/apps/dist/include/common/sdl2 -I/Users/sebastian/projects/apps/dist/include/common/sdl2_image -I/Users/sebastian/projects/apps/dist/include/common/sdl2_mixer -I/Users/sebastian/projects/apps/dist/include/common/sdl2_ttf -I/Users/sebastian/projects/apps/dist/include/common/numpy -I/Users/sebastian/projects/apps/dist/include/x86_64  conftest.c >&5
conftest.c:60:24: error: 'test_array' declared as an array with a negative size
static int test_array [1 - 2 * !(((long int) (sizeof (int))) <= 0)];
                       ^~~~~~~~~~~~~~~~~~~~~~~~~~~~~~~~~~~~~~~~~~~
1 error generated.
configure:12570: $? = 1
configure: failed program was:
| /* confdefs.h */
| #define PACKAGE_NAME "FreeType"
| #define PACKAGE_TARNAME "freetype"
| #define PACKAGE_VERSION "2.10"
| #define PACKAGE_STRING "FreeType 2.10"
| #define PACKAGE_BUGREPORT "freetype@nongnu.org"
| #define PACKAGE_URL ""
| #define STDC_HEADERS 1
| #define HAVE_SYS_TYPES_H 1
| #define HAVE_SYS_STAT_H 1
| #define HAVE_STDLIB_H 1
| #define HAVE_STRING_H 1
| #define HAVE_MEMORY_H 1
| #define HAVE_STRINGS_H 1
| #define HAVE_INTTYPES_H 1
| #define HAVE_STDINT_H 1
| #define HAVE_UNISTD_H 1
| #define HAVE_DLFCN_H 1
| #define LT_OBJDIR ".libs/"
| #define STDC_HEADERS 1
| #define HAVE_FCNTL_H 1
| #define HAVE_UNISTD_H 1
| /* end confdefs.h.  */
| #include <stdio.h>
| #ifdef HAVE_SYS_TYPES_H
| # include <sys/types.h>
| #endif
| #ifdef HAVE_SYS_STAT_H
| # include <sys/stat.h>
| #endif
| #ifdef STDC_HEADERS
| # include <stdlib.h>
| # include <stddef.h>
| #else
| # ifdef HAVE_STDLIB_H
| #  include <stdlib.h>
| # endif
| #endif
| #ifdef HAVE_STRING_H
| # if !defined STDC_HEADERS && defined HAVE_MEMORY_H
| #  include <memory.h>
| # endif
| # include <string.h>
| #endif
| #ifdef HAVE_STRINGS_H
| # include <strings.h>
| #endif
| #ifdef HAVE_INTTYPES_H
| # include <inttypes.h>
| #endif
| #ifdef HAVE_STDINT_H
| # include <stdint.h>
| #endif
| #ifdef HAVE_UNISTD_H
| # include <unistd.h>
| #endif
| int
| main ()
| {
| static int test_array [1 - 2 * !(((long int) (sizeof (int))) <= 0)];
| test_array [0] = 0;
| return test_array [0];
| 
|   ;
|   return 0;
| }
configure:12570: /var/folders/zm/_mmhqdz13sj2ss2ts25x49j00000gn/T/tmpgxwew2e4 -c -O3 -miphoneos-version-min=8.0 -I/Users/sebastian/projects/apps/dist/include/x86_64/freetype -I/Users/sebastian/projects/apps/dist/include/x86_64/freetype -I/Users/sebastian/projects/apps/dist/include/x86_64/hostlibffi -I/Users/sebastian/projects/apps/dist/include/x86_64/ffi -I/Users/sebastian/projects/apps/dist/include/x86_64/openssl -I/Users/sebastian/projects/apps/dist/include/common/sdl2 -I/Users/sebastian/projects/apps/dist/include/common/sdl2_image -I/Users/sebastian/projects/apps/dist/include/common/sdl2_mixer -I/Users/sebastian/projects/apps/dist/include/common/sdl2_ttf -I/Users/sebastian/projects/apps/dist/include/common/numpy -I/Users/sebastian/projects/apps/dist/include/x86_64  conftest.c >&5
conftest.c:60:24: error: 'test_array' declared as an array with a negative size
static int test_array [1 - 2 * !(((long int) (sizeof (int))) <= 1)];
                       ^~~~~~~~~~~~~~~~~~~~~~~~~~~~~~~~~~~~~~~~~~~
1 error generated.
configure:12570: $? = 1
configure: failed program was:
| /* confdefs.h */
| #define PACKAGE_NAME "FreeType"
| #define PACKAGE_TARNAME "freetype"
| #define PACKAGE_VERSION "2.10"
| #define PACKAGE_STRING "FreeType 2.10"
| #define PACKAGE_BUGREPORT "freetype@nongnu.org"
| #define PACKAGE_URL ""
| #define STDC_HEADERS 1
| #define HAVE_SYS_TYPES_H 1
| #define HAVE_SYS_STAT_H 1
| #define HAVE_STDLIB_H 1
| #define HAVE_STRING_H 1
| #define HAVE_MEMORY_H 1
| #define HAVE_STRINGS_H 1
| #define HAVE_INTTYPES_H 1
| #define HAVE_STDINT_H 1
| #define HAVE_UNISTD_H 1
| #define HAVE_DLFCN_H 1
| #define LT_OBJDIR ".libs/"
| #define STDC_HEADERS 1
| #define HAVE_FCNTL_H 1
| #define HAVE_UNISTD_H 1
| /* end confdefs.h.  */
| #include <stdio.h>
| #ifdef HAVE_SYS_TYPES_H
| # include <sys/types.h>
| #endif
| #ifdef HAVE_SYS_STAT_H
| # include <sys/stat.h>
| #endif
| #ifdef STDC_HEADERS
| # include <stdlib.h>
| # include <stddef.h>
| #else
| # ifdef HAVE_STDLIB_H
| #  include <stdlib.h>
| # endif
| #endif
| #ifdef HAVE_STRING_H
| # if !defined STDC_HEADERS && defined HAVE_MEMORY_H
| #  include <memory.h>
| # endif
| # include <string.h>
| #endif
| #ifdef HAVE_STRINGS_H
| # include <strings.h>
| #endif
| #ifdef HAVE_INTTYPES_H
| # include <inttypes.h>
| #endif
| #ifdef HAVE_STDINT_H
| # include <stdint.h>
| #endif
| #ifdef HAVE_UNISTD_H
| # include <unistd.h>
| #endif
| int
| main ()
| {
| static int test_array [1 - 2 * !(((long int) (sizeof (int))) <= 1)];
| test_array [0] = 0;
| return test_array [0];
| 
|   ;
|   return 0;
| }
configure:12570: /var/folders/zm/_mmhqdz13sj2ss2ts25x49j00000gn/T/tmpgxwew2e4 -c -O3 -miphoneos-version-min=8.0 -I/Users/sebastian/projects/apps/dist/include/x86_64/freetype -I/Users/sebastian/projects/apps/dist/include/x86_64/freetype -I/Users/sebastian/projects/apps/dist/include/x86_64/hostlibffi -I/Users/sebastian/projects/apps/dist/include/x86_64/ffi -I/Users/sebastian/projects/apps/dist/include/x86_64/openssl -I/Users/sebastian/projects/apps/dist/include/common/sdl2 -I/Users/sebastian/projects/apps/dist/include/common/sdl2_image -I/Users/sebastian/projects/apps/dist/include/common/sdl2_mixer -I/Users/sebastian/projects/apps/dist/include/common/sdl2_ttf -I/Users/sebastian/projects/apps/dist/include/common/numpy -I/Users/sebastian/projects/apps/dist/include/x86_64  conftest.c >&5
conftest.c:60:24: error: 'test_array' declared as an array with a negative size
static int test_array [1 - 2 * !(((long int) (sizeof (int))) <= 3)];
                       ^~~~~~~~~~~~~~~~~~~~~~~~~~~~~~~~~~~~~~~~~~~
1 error generated.
configure:12570: $? = 1
configure: failed program was:
| /* confdefs.h */
| #define PACKAGE_NAME "FreeType"
| #define PACKAGE_TARNAME "freetype"
| #define PACKAGE_VERSION "2.10"
| #define PACKAGE_STRING "FreeType 2.10"
| #define PACKAGE_BUGREPORT "freetype@nongnu.org"
| #define PACKAGE_URL ""
| #define STDC_HEADERS 1
| #define HAVE_SYS_TYPES_H 1
| #define HAVE_SYS_STAT_H 1
| #define HAVE_STDLIB_H 1
| #define HAVE_STRING_H 1
| #define HAVE_MEMORY_H 1
| #define HAVE_STRINGS_H 1
| #define HAVE_INTTYPES_H 1
| #define HAVE_STDINT_H 1
| #define HAVE_UNISTD_H 1
| #define HAVE_DLFCN_H 1
| #define LT_OBJDIR ".libs/"
| #define STDC_HEADERS 1
| #define HAVE_FCNTL_H 1
| #define HAVE_UNISTD_H 1
| /* end confdefs.h.  */
| #include <stdio.h>
| #ifdef HAVE_SYS_TYPES_H
| # include <sys/types.h>
| #endif
| #ifdef HAVE_SYS_STAT_H
| # include <sys/stat.h>
| #endif
| #ifdef STDC_HEADERS
| # include <stdlib.h>
| # include <stddef.h>
| #else
| # ifdef HAVE_STDLIB_H
| #  include <stdlib.h>
| # endif
| #endif
| #ifdef HAVE_STRING_H
| # if !defined STDC_HEADERS && defined HAVE_MEMORY_H
| #  include <memory.h>
| # endif
| # include <string.h>
| #endif
| #ifdef HAVE_STRINGS_H
| # include <strings.h>
| #endif
| #ifdef HAVE_INTTYPES_H
| # include <inttypes.h>
| #endif
| #ifdef HAVE_STDINT_H
| # include <stdint.h>
| #endif
| #ifdef HAVE_UNISTD_H
| # include <unistd.h>
| #endif
| int
| main ()
| {
| static int test_array [1 - 2 * !(((long int) (sizeof (int))) <= 3)];
| test_array [0] = 0;
| return test_array [0];
| 
|   ;
|   return 0;
| }
configure:12570: /var/folders/zm/_mmhqdz13sj2ss2ts25x49j00000gn/T/tmpgxwew2e4 -c -O3 -miphoneos-version-min=8.0 -I/Users/sebastian/projects/apps/dist/include/x86_64/freetype -I/Users/sebastian/projects/apps/dist/include/x86_64/freetype -I/Users/sebastian/projects/apps/dist/include/x86_64/hostlibffi -I/Users/sebastian/projects/apps/dist/include/x86_64/ffi -I/Users/sebastian/projects/apps/dist/include/x86_64/openssl -I/Users/sebastian/projects/apps/dist/include/common/sdl2 -I/Users/sebastian/projects/apps/dist/include/common/sdl2_image -I/Users/sebastian/projects/apps/dist/include/common/sdl2_mixer -I/Users/sebastian/projects/apps/dist/include/common/sdl2_ttf -I/Users/sebastian/projects/apps/dist/include/common/numpy -I/Users/sebastian/projects/apps/dist/include/x86_64  conftest.c >&5
configure:12570: $? = 0
configure:12570: /var/folders/zm/_mmhqdz13sj2ss2ts25x49j00000gn/T/tmpgxwew2e4 -c -O3 -miphoneos-version-min=8.0 -I/Users/sebastian/projects/apps/dist/include/x86_64/freetype -I/Users/sebastian/projects/apps/dist/include/x86_64/freetype -I/Users/sebastian/projects/apps/dist/include/x86_64/hostlibffi -I/Users/sebastian/projects/apps/dist/include/x86_64/ffi -I/Users/sebastian/projects/apps/dist/include/x86_64/openssl -I/Users/sebastian/projects/apps/dist/include/common/sdl2 -I/Users/sebastian/projects/apps/dist/include/common/sdl2_image -I/Users/sebastian/projects/apps/dist/include/common/sdl2_mixer -I/Users/sebastian/projects/apps/dist/include/common/sdl2_ttf -I/Users/sebastian/projects/apps/dist/include/common/numpy -I/Users/sebastian/projects/apps/dist/include/x86_64  conftest.c >&5
configure:12570: $? = 0
configure:12570: /var/folders/zm/_mmhqdz13sj2ss2ts25x49j00000gn/T/tmpgxwew2e4 -c -O3 -miphoneos-version-min=8.0 -I/Users/sebastian/projects/apps/dist/include/x86_64/freetype -I/Users/sebastian/projects/apps/dist/include/x86_64/freetype -I/Users/sebastian/projects/apps/dist/include/x86_64/hostlibffi -I/Users/sebastian/projects/apps/dist/include/x86_64/ffi -I/Users/sebastian/projects/apps/dist/include/x86_64/openssl -I/Users/sebastian/projects/apps/dist/include/common/sdl2 -I/Users/sebastian/projects/apps/dist/include/common/sdl2_image -I/Users/sebastian/projects/apps/dist/include/common/sdl2_mixer -I/Users/sebastian/projects/apps/dist/include/common/sdl2_ttf -I/Users/sebastian/projects/apps/dist/include/common/numpy -I/Users/sebastian/projects/apps/dist/include/x86_64  conftest.c >&5
configure:12570: $? = 0
configure:12584: result: 4
configure:12598: checking size of long
configure:12603: /var/folders/zm/_mmhqdz13sj2ss2ts25x49j00000gn/T/tmpgxwew2e4 -c -O3 -miphoneos-version-min=8.0 -I/Users/sebastian/projects/apps/dist/include/x86_64/freetype -I/Users/sebastian/projects/apps/dist/include/x86_64/freetype -I/Users/sebastian/projects/apps/dist/include/x86_64/hostlibffi -I/Users/sebastian/projects/apps/dist/include/x86_64/ffi -I/Users/sebastian/projects/apps/dist/include/x86_64/openssl -I/Users/sebastian/projects/apps/dist/include/common/sdl2 -I/Users/sebastian/projects/apps/dist/include/common/sdl2_image -I/Users/sebastian/projects/apps/dist/include/common/sdl2_mixer -I/Users/sebastian/projects/apps/dist/include/common/sdl2_ttf -I/Users/sebastian/projects/apps/dist/include/common/numpy -I/Users/sebastian/projects/apps/dist/include/x86_64  conftest.c >&5
configure:12603: $? = 0
configure:12603: /var/folders/zm/_mmhqdz13sj2ss2ts25x49j00000gn/T/tmpgxwew2e4 -c -O3 -miphoneos-version-min=8.0 -I/Users/sebastian/projects/apps/dist/include/x86_64/freetype -I/Users/sebastian/projects/apps/dist/include/x86_64/freetype -I/Users/sebastian/projects/apps/dist/include/x86_64/hostlibffi -I/Users/sebastian/projects/apps/dist/include/x86_64/ffi -I/Users/sebastian/projects/apps/dist/include/x86_64/openssl -I/Users/sebastian/projects/apps/dist/include/common/sdl2 -I/Users/sebastian/projects/apps/dist/include/common/sdl2_image -I/Users/sebastian/projects/apps/dist/include/common/sdl2_mixer -I/Users/sebastian/projects/apps/dist/include/common/sdl2_ttf -I/Users/sebastian/projects/apps/dist/include/common/numpy -I/Users/sebastian/projects/apps/dist/include/x86_64  conftest.c >&5
conftest.c:61:24: error: 'test_array' declared as an array with a negative size
static int test_array [1 - 2 * !(((long int) (sizeof (long))) <= 0)];
                       ^~~~~~~~~~~~~~~~~~~~~~~~~~~~~~~~~~~~~~~~~~~~
1 error generated.
configure:12603: $? = 1
configure: failed program was:
| /* confdefs.h */
| #define PACKAGE_NAME "FreeType"
| #define PACKAGE_TARNAME "freetype"
| #define PACKAGE_VERSION "2.10"
| #define PACKAGE_STRING "FreeType 2.10"
| #define PACKAGE_BUGREPORT "freetype@nongnu.org"
| #define PACKAGE_URL ""
| #define STDC_HEADERS 1
| #define HAVE_SYS_TYPES_H 1
| #define HAVE_SYS_STAT_H 1
| #define HAVE_STDLIB_H 1
| #define HAVE_STRING_H 1
| #define HAVE_MEMORY_H 1
| #define HAVE_STRINGS_H 1
| #define HAVE_INTTYPES_H 1
| #define HAVE_STDINT_H 1
| #define HAVE_UNISTD_H 1
| #define HAVE_DLFCN_H 1
| #define LT_OBJDIR ".libs/"
| #define STDC_HEADERS 1
| #define HAVE_FCNTL_H 1
| #define HAVE_UNISTD_H 1
| #define SIZEOF_INT 4
| /* end confdefs.h.  */
| #include <stdio.h>
| #ifdef HAVE_SYS_TYPES_H
| # include <sys/types.h>
| #endif
| #ifdef HAVE_SYS_STAT_H
| # include <sys/stat.h>
| #endif
| #ifdef STDC_HEADERS
| # include <stdlib.h>
| # include <stddef.h>
| #else
| # ifdef HAVE_STDLIB_H
| #  include <stdlib.h>
| # endif
| #endif
| #ifdef HAVE_STRING_H
| # if !defined STDC_HEADERS && defined HAVE_MEMORY_H
| #  include <memory.h>
| # endif
| # include <string.h>
| #endif
| #ifdef HAVE_STRINGS_H
| # include <strings.h>
| #endif
| #ifdef HAVE_INTTYPES_H
| # include <inttypes.h>
| #endif
| #ifdef HAVE_STDINT_H
| # include <stdint.h>
| #endif
| #ifdef HAVE_UNISTD_H
| # include <unistd.h>
| #endif
| int
| main ()
| {
| static int test_array [1 - 2 * !(((long int) (sizeof (long))) <= 0)];
| test_array [0] = 0;
| return test_array [0];
| 
|   ;
|   return 0;
| }
configure:12603: /var/folders/zm/_mmhqdz13sj2ss2ts25x49j00000gn/T/tmpgxwew2e4 -c -O3 -miphoneos-version-min=8.0 -I/Users/sebastian/projects/apps/dist/include/x86_64/freetype -I/Users/sebastian/projects/apps/dist/include/x86_64/freetype -I/Users/sebastian/projects/apps/dist/include/x86_64/hostlibffi -I/Users/sebastian/projects/apps/dist/include/x86_64/ffi -I/Users/sebastian/projects/apps/dist/include/x86_64/openssl -I/Users/sebastian/projects/apps/dist/include/common/sdl2 -I/Users/sebastian/projects/apps/dist/include/common/sdl2_image -I/Users/sebastian/projects/apps/dist/include/common/sdl2_mixer -I/Users/sebastian/projects/apps/dist/include/common/sdl2_ttf -I/Users/sebastian/projects/apps/dist/include/common/numpy -I/Users/sebastian/projects/apps/dist/include/x86_64  conftest.c >&5
conftest.c:61:24: error: 'test_array' declared as an array with a negative size
static int test_array [1 - 2 * !(((long int) (sizeof (long))) <= 1)];
                       ^~~~~~~~~~~~~~~~~~~~~~~~~~~~~~~~~~~~~~~~~~~~
1 error generated.
configure:12603: $? = 1
configure: failed program was:
| /* confdefs.h */
| #define PACKAGE_NAME "FreeType"
| #define PACKAGE_TARNAME "freetype"
| #define PACKAGE_VERSION "2.10"
| #define PACKAGE_STRING "FreeType 2.10"
| #define PACKAGE_BUGREPORT "freetype@nongnu.org"
| #define PACKAGE_URL ""
| #define STDC_HEADERS 1
| #define HAVE_SYS_TYPES_H 1
| #define HAVE_SYS_STAT_H 1
| #define HAVE_STDLIB_H 1
| #define HAVE_STRING_H 1
| #define HAVE_MEMORY_H 1
| #define HAVE_STRINGS_H 1
| #define HAVE_INTTYPES_H 1
| #define HAVE_STDINT_H 1
| #define HAVE_UNISTD_H 1
| #define HAVE_DLFCN_H 1
| #define LT_OBJDIR ".libs/"
| #define STDC_HEADERS 1
| #define HAVE_FCNTL_H 1
| #define HAVE_UNISTD_H 1
| #define SIZEOF_INT 4
| /* end confdefs.h.  */
| #include <stdio.h>
| #ifdef HAVE_SYS_TYPES_H
| # include <sys/types.h>
| #endif
| #ifdef HAVE_SYS_STAT_H
| # include <sys/stat.h>
| #endif
| #ifdef STDC_HEADERS
| # include <stdlib.h>
| # include <stddef.h>
| #else
| # ifdef HAVE_STDLIB_H
| #  include <stdlib.h>
| # endif
| #endif
| #ifdef HAVE_STRING_H
| # if !defined STDC_HEADERS && defined HAVE_MEMORY_H
| #  include <memory.h>
| # endif
| # include <string.h>
| #endif
| #ifdef HAVE_STRINGS_H
| # include <strings.h>
| #endif
| #ifdef HAVE_INTTYPES_H
| # include <inttypes.h>
| #endif
| #ifdef HAVE_STDINT_H
| # include <stdint.h>
| #endif
| #ifdef HAVE_UNISTD_H
| # include <unistd.h>
| #endif
| int
| main ()
| {
| static int test_array [1 - 2 * !(((long int) (sizeof (long))) <= 1)];
| test_array [0] = 0;
| return test_array [0];
| 
|   ;
|   return 0;
| }
configure:12603: /var/folders/zm/_mmhqdz13sj2ss2ts25x49j00000gn/T/tmpgxwew2e4 -c -O3 -miphoneos-version-min=8.0 -I/Users/sebastian/projects/apps/dist/include/x86_64/freetype -I/Users/sebastian/projects/apps/dist/include/x86_64/freetype -I/Users/sebastian/projects/apps/dist/include/x86_64/hostlibffi -I/Users/sebastian/projects/apps/dist/include/x86_64/ffi -I/Users/sebastian/projects/apps/dist/include/x86_64/openssl -I/Users/sebastian/projects/apps/dist/include/common/sdl2 -I/Users/sebastian/projects/apps/dist/include/common/sdl2_image -I/Users/sebastian/projects/apps/dist/include/common/sdl2_mixer -I/Users/sebastian/projects/apps/dist/include/common/sdl2_ttf -I/Users/sebastian/projects/apps/dist/include/common/numpy -I/Users/sebastian/projects/apps/dist/include/x86_64  conftest.c >&5
conftest.c:61:24: error: 'test_array' declared as an array with a negative size
static int test_array [1 - 2 * !(((long int) (sizeof (long))) <= 3)];
                       ^~~~~~~~~~~~~~~~~~~~~~~~~~~~~~~~~~~~~~~~~~~~
1 error generated.
configure:12603: $? = 1
configure: failed program was:
| /* confdefs.h */
| #define PACKAGE_NAME "FreeType"
| #define PACKAGE_TARNAME "freetype"
| #define PACKAGE_VERSION "2.10"
| #define PACKAGE_STRING "FreeType 2.10"
| #define PACKAGE_BUGREPORT "freetype@nongnu.org"
| #define PACKAGE_URL ""
| #define STDC_HEADERS 1
| #define HAVE_SYS_TYPES_H 1
| #define HAVE_SYS_STAT_H 1
| #define HAVE_STDLIB_H 1
| #define HAVE_STRING_H 1
| #define HAVE_MEMORY_H 1
| #define HAVE_STRINGS_H 1
| #define HAVE_INTTYPES_H 1
| #define HAVE_STDINT_H 1
| #define HAVE_UNISTD_H 1
| #define HAVE_DLFCN_H 1
| #define LT_OBJDIR ".libs/"
| #define STDC_HEADERS 1
| #define HAVE_FCNTL_H 1
| #define HAVE_UNISTD_H 1
| #define SIZEOF_INT 4
| /* end confdefs.h.  */
| #include <stdio.h>
| #ifdef HAVE_SYS_TYPES_H
| # include <sys/types.h>
| #endif
| #ifdef HAVE_SYS_STAT_H
| # include <sys/stat.h>
| #endif
| #ifdef STDC_HEADERS
| # include <stdlib.h>
| # include <stddef.h>
| #else
| # ifdef HAVE_STDLIB_H
| #  include <stdlib.h>
| # endif
| #endif
| #ifdef HAVE_STRING_H
| # if !defined STDC_HEADERS && defined HAVE_MEMORY_H
| #  include <memory.h>
| # endif
| # include <string.h>
| #endif
| #ifdef HAVE_STRINGS_H
| # include <strings.h>
| #endif
| #ifdef HAVE_INTTYPES_H
| # include <inttypes.h>
| #endif
| #ifdef HAVE_STDINT_H
| # include <stdint.h>
| #endif
| #ifdef HAVE_UNISTD_H
| # include <unistd.h>
| #endif
| int
| main ()
| {
| static int test_array [1 - 2 * !(((long int) (sizeof (long))) <= 3)];
| test_array [0] = 0;
| return test_array [0];
| 
|   ;
|   return 0;
| }
configure:12603: /var/folders/zm/_mmhqdz13sj2ss2ts25x49j00000gn/T/tmpgxwew2e4 -c -O3 -miphoneos-version-min=8.0 -I/Users/sebastian/projects/apps/dist/include/x86_64/freetype -I/Users/sebastian/projects/apps/dist/include/x86_64/freetype -I/Users/sebastian/projects/apps/dist/include/x86_64/hostlibffi -I/Users/sebastian/projects/apps/dist/include/x86_64/ffi -I/Users/sebastian/projects/apps/dist/include/x86_64/openssl -I/Users/sebastian/projects/apps/dist/include/common/sdl2 -I/Users/sebastian/projects/apps/dist/include/common/sdl2_image -I/Users/sebastian/projects/apps/dist/include/common/sdl2_mixer -I/Users/sebastian/projects/apps/dist/include/common/sdl2_ttf -I/Users/sebastian/projects/apps/dist/include/common/numpy -I/Users/sebastian/projects/apps/dist/include/x86_64  conftest.c >&5
conftest.c:61:24: error: 'test_array' declared as an array with a negative size
static int test_array [1 - 2 * !(((long int) (sizeof (long))) <= 7)];
                       ^~~~~~~~~~~~~~~~~~~~~~~~~~~~~~~~~~~~~~~~~~~~
1 error generated.
configure:12603: $? = 1
configure: failed program was:
| /* confdefs.h */
| #define PACKAGE_NAME "FreeType"
| #define PACKAGE_TARNAME "freetype"
| #define PACKAGE_VERSION "2.10"
| #define PACKAGE_STRING "FreeType 2.10"
| #define PACKAGE_BUGREPORT "freetype@nongnu.org"
| #define PACKAGE_URL ""
| #define STDC_HEADERS 1
| #define HAVE_SYS_TYPES_H 1
| #define HAVE_SYS_STAT_H 1
| #define HAVE_STDLIB_H 1
| #define HAVE_STRING_H 1
| #define HAVE_MEMORY_H 1
| #define HAVE_STRINGS_H 1
| #define HAVE_INTTYPES_H 1
| #define HAVE_STDINT_H 1
| #define HAVE_UNISTD_H 1
| #define HAVE_DLFCN_H 1
| #define LT_OBJDIR ".libs/"
| #define STDC_HEADERS 1
| #define HAVE_FCNTL_H 1
| #define HAVE_UNISTD_H 1
| #define SIZEOF_INT 4
| /* end confdefs.h.  */
| #include <stdio.h>
| #ifdef HAVE_SYS_TYPES_H
| # include <sys/types.h>
| #endif
| #ifdef HAVE_SYS_STAT_H
| # include <sys/stat.h>
| #endif
| #ifdef STDC_HEADERS
| # include <stdlib.h>
| # include <stddef.h>
| #else
| # ifdef HAVE_STDLIB_H
| #  include <stdlib.h>
| # endif
| #endif
| #ifdef HAVE_STRING_H
| # if !defined STDC_HEADERS && defined HAVE_MEMORY_H
| #  include <memory.h>
| # endif
| # include <string.h>
| #endif
| #ifdef HAVE_STRINGS_H
| # include <strings.h>
| #endif
| #ifdef HAVE_INTTYPES_H
| # include <inttypes.h>
| #endif
| #ifdef HAVE_STDINT_H
| # include <stdint.h>
| #endif
| #ifdef HAVE_UNISTD_H
| # include <unistd.h>
| #endif
| int
| main ()
| {
| static int test_array [1 - 2 * !(((long int) (sizeof (long))) <= 7)];
| test_array [0] = 0;
| return test_array [0];
| 
|   ;
|   return 0;
| }
configure:12603: /var/folders/zm/_mmhqdz13sj2ss2ts25x49j00000gn/T/tmpgxwew2e4 -c -O3 -miphoneos-version-min=8.0 -I/Users/sebastian/projects/apps/dist/include/x86_64/freetype -I/Users/sebastian/projects/apps/dist/include/x86_64/freetype -I/Users/sebastian/projects/apps/dist/include/x86_64/hostlibffi -I/Users/sebastian/projects/apps/dist/include/x86_64/ffi -I/Users/sebastian/projects/apps/dist/include/x86_64/openssl -I/Users/sebastian/projects/apps/dist/include/common/sdl2 -I/Users/sebastian/projects/apps/dist/include/common/sdl2_image -I/Users/sebastian/projects/apps/dist/include/common/sdl2_mixer -I/Users/sebastian/projects/apps/dist/include/common/sdl2_ttf -I/Users/sebastian/projects/apps/dist/include/common/numpy -I/Users/sebastian/projects/apps/dist/include/x86_64  conftest.c >&5
configure:12603: $? = 0
configure:12603: /var/folders/zm/_mmhqdz13sj2ss2ts25x49j00000gn/T/tmpgxwew2e4 -c -O3 -miphoneos-version-min=8.0 -I/Users/sebastian/projects/apps/dist/include/x86_64/freetype -I/Users/sebastian/projects/apps/dist/include/x86_64/freetype -I/Users/sebastian/projects/apps/dist/include/x86_64/hostlibffi -I/Users/sebastian/projects/apps/dist/include/x86_64/ffi -I/Users/sebastian/projects/apps/dist/include/x86_64/openssl -I/Users/sebastian/projects/apps/dist/include/common/sdl2 -I/Users/sebastian/projects/apps/dist/include/common/sdl2_image -I/Users/sebastian/projects/apps/dist/include/common/sdl2_mixer -I/Users/sebastian/projects/apps/dist/include/common/sdl2_ttf -I/Users/sebastian/projects/apps/dist/include/common/numpy -I/Users/sebastian/projects/apps/dist/include/x86_64  conftest.c >&5
configure:12603: $? = 0
configure:12603: /var/folders/zm/_mmhqdz13sj2ss2ts25x49j00000gn/T/tmpgxwew2e4 -c -O3 -miphoneos-version-min=8.0 -I/Users/sebastian/projects/apps/dist/include/x86_64/freetype -I/Users/sebastian/projects/apps/dist/include/x86_64/freetype -I/Users/sebastian/projects/apps/dist/include/x86_64/hostlibffi -I/Users/sebastian/projects/apps/dist/include/x86_64/ffi -I/Users/sebastian/projects/apps/dist/include/x86_64/openssl -I/Users/sebastian/projects/apps/dist/include/common/sdl2 -I/Users/sebastian/projects/apps/dist/include/common/sdl2_image -I/Users/sebastian/projects/apps/dist/include/common/sdl2_mixer -I/Users/sebastian/projects/apps/dist/include/common/sdl2_ttf -I/Users/sebastian/projects/apps/dist/include/common/numpy -I/Users/sebastian/projects/apps/dist/include/x86_64  conftest.c >&5
configure:12603: $? = 0
configure:12603: /var/folders/zm/_mmhqdz13sj2ss2ts25x49j00000gn/T/tmpgxwew2e4 -c -O3 -miphoneos-version-min=8.0 -I/Users/sebastian/projects/apps/dist/include/x86_64/freetype -I/Users/sebastian/projects/apps/dist/include/x86_64/freetype -I/Users/sebastian/projects/apps/dist/include/x86_64/hostlibffi -I/Users/sebastian/projects/apps/dist/include/x86_64/ffi -I/Users/sebastian/projects/apps/dist/include/x86_64/openssl -I/Users/sebastian/projects/apps/dist/include/common/sdl2 -I/Users/sebastian/projects/apps/dist/include/common/sdl2_image -I/Users/sebastian/projects/apps/dist/include/common/sdl2_mixer -I/Users/sebastian/projects/apps/dist/include/common/sdl2_ttf -I/Users/sebastian/projects/apps/dist/include/common/numpy -I/Users/sebastian/projects/apps/dist/include/x86_64  conftest.c >&5
configure:12603: $? = 0
configure:12617: result: 8
configure:12628: checking for unsigned long long int
configure:12667: /var/folders/zm/_mmhqdz13sj2ss2ts25x49j00000gn/T/tmpgxwew2e4 -o conftest -O3 -miphoneos-version-min=8.0 -I/Users/sebastian/projects/apps/dist/include/x86_64/freetype -I/Users/sebastian/projects/apps/dist/include/x86_64/freetype -I/Users/sebastian/projects/apps/dist/include/x86_64/hostlibffi -I/Users/sebastian/projects/apps/dist/include/x86_64/ffi -I/Users/sebastian/projects/apps/dist/include/x86_64/openssl -I/Users/sebastian/projects/apps/dist/include/common/sdl2 -I/Users/sebastian/projects/apps/dist/include/common/sdl2_image -I/Users/sebastian/projects/apps/dist/include/common/sdl2_mixer -I/Users/sebastian/projects/apps/dist/include/common/sdl2_ttf -I/Users/sebastian/projects/apps/dist/include/common/numpy -I/Users/sebastian/projects/apps/dist/include/x86_64  -arch x86_64 -L/Users/sebastian/projects/apps/dist/lib -L/Applications/Xcode.app/Contents/Developer/Platforms/iPhoneSimulator.platform/Developer/SDKs/iPhoneSimulator15.2.sdk/usr/lib -miphoneos-version-min=8.0 conftest.c  >&5
ld: warning: directory not found for option '-L/Users/sebastian/projects/apps/dist/lib'
configure:12667: $? = 0
configure:12676: result: yes
configure:12686: checking for long long int
configure:12736: result: yes
configure:12748: checking whether cpp computation of bit length in ftconfig.in works
configure:12803: result: yes
configure:12846: checking for special C compiler options needed for large files
configure:12891: result: no
configure:12897: checking for _FILE_OFFSET_BITS value needed for large files
configure:12922: /var/folders/zm/_mmhqdz13sj2ss2ts25x49j00000gn/T/tmpgxwew2e4 -c -O3 -miphoneos-version-min=8.0 -I/Users/sebastian/projects/apps/dist/include/x86_64/freetype -I/Users/sebastian/projects/apps/dist/include/x86_64/freetype -I/Users/sebastian/projects/apps/dist/include/x86_64/hostlibffi -I/Users/sebastian/projects/apps/dist/include/x86_64/ffi -I/Users/sebastian/projects/apps/dist/include/x86_64/openssl -I/Users/sebastian/projects/apps/dist/include/common/sdl2 -I/Users/sebastian/projects/apps/dist/include/common/sdl2_image -I/Users/sebastian/projects/apps/dist/include/common/sdl2_mixer -I/Users/sebastian/projects/apps/dist/include/common/sdl2_ttf -I/Users/sebastian/projects/apps/dist/include/common/numpy -I/Users/sebastian/projects/apps/dist/include/x86_64  conftest.c >&5
configure:12922: $? = 0
configure:12954: result: no
configure:13056: checking for stdlib.h
configure:13056: result: yes
configure:13056: checking for unistd.h
configure:13056: result: yes
configure:13056: checking for sys/param.h
configure:13056: /var/folders/zm/_mmhqdz13sj2ss2ts25x49j00000gn/T/tmpgxwew2e4 -c -O3 -miphoneos-version-min=8.0 -I/Users/sebastian/projects/apps/dist/include/x86_64/freetype -I/Users/sebastian/projects/apps/dist/include/x86_64/freetype -I/Users/sebastian/projects/apps/dist/include/x86_64/hostlibffi -I/Users/sebastian/projects/apps/dist/include/x86_64/ffi -I/Users/sebastian/projects/apps/dist/include/x86_64/openssl -I/Users/sebastian/projects/apps/dist/include/common/sdl2 -I/Users/sebastian/projects/apps/dist/include/common/sdl2_image -I/Users/sebastian/projects/apps/dist/include/common/sdl2_mixer -I/Users/sebastian/projects/apps/dist/include/common/sdl2_ttf -I/Users/sebastian/projects/apps/dist/include/common/numpy -I/Users/sebastian/projects/apps/dist/include/x86_64  conftest.c >&5
configure:13056: $? = 0
configure:13056: result: yes
configure:13076: checking for getpagesize
configure:13076: /var/folders/zm/_mmhqdz13sj2ss2ts25x49j00000gn/T/tmpgxwew2e4 -o conftest -O3 -miphoneos-version-min=8.0 -I/Users/sebastian/projects/apps/dist/include/x86_64/freetype -I/Users/sebastian/projects/apps/dist/include/x86_64/freetype -I/Users/sebastian/projects/apps/dist/include/x86_64/hostlibffi -I/Users/sebastian/projects/apps/dist/include/x86_64/ffi -I/Users/sebastian/projects/apps/dist/include/x86_64/openssl -I/Users/sebastian/projects/apps/dist/include/common/sdl2 -I/Users/sebastian/projects/apps/dist/include/common/sdl2_image -I/Users/sebastian/projects/apps/dist/include/common/sdl2_mixer -I/Users/sebastian/projects/apps/dist/include/common/sdl2_ttf -I/Users/sebastian/projects/apps/dist/include/common/numpy -I/Users/sebastian/projects/apps/dist/include/x86_64  -arch x86_64 -L/Users/sebastian/projects/apps/dist/lib -L/Applications/Xcode.app/Contents/Developer/Platforms/iPhoneSimulator.platform/Developer/SDKs/iPhoneSimulator15.2.sdk/usr/lib -miphoneos-version-min=8.0 conftest.c  >&5
ld: warning: directory not found for option '-L/Users/sebastian/projects/apps/dist/lib'
configure:13076: $? = 0
configure:13076: result: yes
configure:13085: checking for working mmap
configure:13242: result: no
configure:13310: checking for memcpy
configure:13310: /var/folders/zm/_mmhqdz13sj2ss2ts25x49j00000gn/T/tmpgxwew2e4 -o conftest -O3 -miphoneos-version-min=8.0 -I/Users/sebastian/projects/apps/dist/include/x86_64/freetype -I/Users/sebastian/projects/apps/dist/include/x86_64/freetype -I/Users/sebastian/projects/apps/dist/include/x86_64/hostlibffi -I/Users/sebastian/projects/apps/dist/include/x86_64/ffi -I/Users/sebastian/projects/apps/dist/include/x86_64/openssl -I/Users/sebastian/projects/apps/dist/include/common/sdl2 -I/Users/sebastian/projects/apps/dist/include/common/sdl2_image -I/Users/sebastian/projects/apps/dist/include/common/sdl2_mixer -I/Users/sebastian/projects/apps/dist/include/common/sdl2_ttf -I/Users/sebastian/projects/apps/dist/include/common/numpy -I/Users/sebastian/projects/apps/dist/include/x86_64  -arch x86_64 -L/Users/sebastian/projects/apps/dist/lib -L/Applications/Xcode.app/Contents/Developer/Platforms/iPhoneSimulator.platform/Developer/SDKs/iPhoneSimulator15.2.sdk/usr/lib -miphoneos-version-min=8.0 conftest.c  >&5
conftest.c:55:6: warning: incompatible redeclaration of library function 'memcpy' [-Wincompatible-library-redeclaration]
char memcpy ();
     ^
conftest.c:55:6: note: 'memcpy' is a builtin with type 'void *(void *, const void *, unsigned long)'
1 warning generated.
ld: warning: directory not found for option '-L/Users/sebastian/projects/apps/dist/lib'
configure:13310: $? = 0
configure:13310: result: yes
configure:13310: checking for memmove
configure:13310: /var/folders/zm/_mmhqdz13sj2ss2ts25x49j00000gn/T/tmpgxwew2e4 -o conftest -O3 -miphoneos-version-min=8.0 -I/Users/sebastian/projects/apps/dist/include/x86_64/freetype -I/Users/sebastian/projects/apps/dist/include/x86_64/freetype -I/Users/sebastian/projects/apps/dist/include/x86_64/hostlibffi -I/Users/sebastian/projects/apps/dist/include/x86_64/ffi -I/Users/sebastian/projects/apps/dist/include/x86_64/openssl -I/Users/sebastian/projects/apps/dist/include/common/sdl2 -I/Users/sebastian/projects/apps/dist/include/common/sdl2_image -I/Users/sebastian/projects/apps/dist/include/common/sdl2_mixer -I/Users/sebastian/projects/apps/dist/include/common/sdl2_ttf -I/Users/sebastian/projects/apps/dist/include/common/numpy -I/Users/sebastian/projects/apps/dist/include/x86_64  -arch x86_64 -L/Users/sebastian/projects/apps/dist/lib -L/Applications/Xcode.app/Contents/Developer/Platforms/iPhoneSimulator.platform/Developer/SDKs/iPhoneSimulator15.2.sdk/usr/lib -miphoneos-version-min=8.0 conftest.c  >&5
conftest.c:56:6: warning: incompatible redeclaration of library function 'memmove' [-Wincompatible-library-redeclaration]
char memmove ();
     ^
conftest.c:56:6: note: 'memmove' is a builtin with type 'void *(void *, const void *, unsigned long)'
1 warning generated.
ld: warning: directory not found for option '-L/Users/sebastian/projects/apps/dist/lib'
configure:13310: $? = 0
configure:13310: result: yes
configure:13362: checking gcc compiler flag -pedantic to assure ANSI C works correctly
configure:13389: /var/folders/zm/_mmhqdz13sj2ss2ts25x49j00000gn/T/tmpgxwew2e4 -c -O3 -miphoneos-version-min=8.0 -I/Users/sebastian/projects/apps/dist/include/x86_64/freetype -I/Users/sebastian/projects/apps/dist/include/x86_64/freetype -I/Users/sebastian/projects/apps/dist/include/x86_64/hostlibffi -I/Users/sebastian/projects/apps/dist/include/x86_64/ffi -I/Users/sebastian/projects/apps/dist/include/x86_64/openssl -I/Users/sebastian/projects/apps/dist/include/common/sdl2 -I/Users/sebastian/projects/apps/dist/include/common/sdl2_image -I/Users/sebastian/projects/apps/dist/include/common/sdl2_mixer -I/Users/sebastian/projects/apps/dist/include/common/sdl2_ttf -I/Users/sebastian/projects/apps/dist/include/common/numpy -I/Users/sebastian/projects/apps/dist/include/x86_64  -pedantic  conftest.c >&5
configure:13389: $? = 0
configure:13390: result: ok, adding to XX_ANSIFLAGS
configure:13362: checking gcc compiler flag -ansi to assure ANSI C works correctly
configure:13389: /var/folders/zm/_mmhqdz13sj2ss2ts25x49j00000gn/T/tmpgxwew2e4 -c -O3 -miphoneos-version-min=8.0 -I/Users/sebastian/projects/apps/dist/include/x86_64/freetype -I/Users/sebastian/projects/apps/dist/include/x86_64/freetype -I/Users/sebastian/projects/apps/dist/include/x86_64/hostlibffi -I/Users/sebastian/projects/apps/dist/include/x86_64/ffi -I/Users/sebastian/projects/apps/dist/include/x86_64/openssl -I/Users/sebastian/projects/apps/dist/include/common/sdl2 -I/Users/sebastian/projects/apps/dist/include/common/sdl2_image -I/Users/sebastian/projects/apps/dist/include/common/sdl2_mixer -I/Users/sebastian/projects/apps/dist/include/common/sdl2_ttf -I/Users/sebastian/projects/apps/dist/include/common/numpy -I/Users/sebastian/projects/apps/dist/include/x86_64  -pedantic -ansi  conftest.c >&5
configure:13389: $? = 0
configure:13390: result: ok, adding to XX_ANSIFLAGS
configure:13424: checking for -fvisibility=hidden compiler flag
configure:13439: /var/folders/zm/_mmhqdz13sj2ss2ts25x49j00000gn/T/tmpgxwew2e4 -o conftest -O3 -miphoneos-version-min=8.0 -I/Users/sebastian/projects/apps/dist/include/x86_64/freetype -I/Users/sebastian/projects/apps/dist/include/x86_64/freetype -I/Users/sebastian/projects/apps/dist/include/x86_64/hostlibffi -I/Users/sebastian/projects/apps/dist/include/x86_64/ffi -I/Users/sebastian/projects/apps/dist/include/x86_64/openssl -I/Users/sebastian/projects/apps/dist/include/common/sdl2 -I/Users/sebastian/projects/apps/dist/include/common/sdl2_image -I/Users/sebastian/projects/apps/dist/include/common/sdl2_mixer -I/Users/sebastian/projects/apps/dist/include/common/sdl2_ttf -I/Users/sebastian/projects/apps/dist/include/common/numpy -I/Users/sebastian/projects/apps/dist/include/x86_64 -fvisibility=hidden  -arch x86_64 -L/Users/sebastian/projects/apps/dist/lib -L/Applications/Xcode.app/Contents/Developer/Platforms/iPhoneSimulator.platform/Developer/SDKs/iPhoneSimulator15.2.sdk/usr/lib -miphoneos-version-min=8.0 conftest.c  >&5
ld: warning: directory not found for option '-L/Users/sebastian/projects/apps/dist/lib'
configure:13439: $? = 0
configure:13441: result: yes
configure:13514: $PKG_CONFIG --exists --print-errors "$zlib_pkg"
configure:13517: $? = 0
configure:13524: checking for ZLIB
configure:13531: $PKG_CONFIG --exists --print-errors "$zlib_pkg"
configure:13534: $? = 0
configure:13548: $PKG_CONFIG --exists --print-errors "$zlib_pkg"
configure:13551: $? = 0
configure:13589: result: yes
configure:14104: checking for library containing clock_gettime
configure:14135: /var/folders/zm/_mmhqdz13sj2ss2ts25x49j00000gn/T/tmpgxwew2e4 -o conftest -O3 -miphoneos-version-min=8.0 -I/Users/sebastian/projects/apps/dist/include/x86_64/freetype -I/Users/sebastian/projects/apps/dist/include/x86_64/freetype -I/Users/sebastian/projects/apps/dist/include/x86_64/hostlibffi -I/Users/sebastian/projects/apps/dist/include/x86_64/ffi -I/Users/sebastian/projects/apps/dist/include/x86_64/openssl -I/Users/sebastian/projects/apps/dist/include/common/sdl2 -I/Users/sebastian/projects/apps/dist/include/common/sdl2_image -I/Users/sebastian/projects/apps/dist/include/common/sdl2_mixer -I/Users/sebastian/projects/apps/dist/include/common/sdl2_ttf -I/Users/sebastian/projects/apps/dist/include/common/numpy -I/Users/sebastian/projects/apps/dist/include/x86_64 -fvisibility=hidden  -arch x86_64 -L/Users/sebastian/projects/apps/dist/lib -L/Applications/Xcode.app/Contents/Developer/Platforms/iPhoneSimulator.platform/Developer/SDKs/iPhoneSimulator15.2.sdk/usr/lib -miphoneos-version-min=8.0 conftest.c  >&5
ld: warning: directory not found for option '-L/Users/sebastian/projects/apps/dist/lib'
configure:14135: $? = 0
configure:14152: result: none required
configure:14729: WARNING:
*** WARNING
    FSSpec/FSRef/QuickDraw/ATS options are explicitly given,
    thus it is recommended to replace src/base/ftmac.c by builds/mac/ftmac.c.
    
configure:14747: checking for python3
configure:14763: found /usr/local/Caskroom/miniconda/base/envs/MMAppIOS/bin/python3
configure:14774: result: python3
configure:14792: checking for pip3
configure:14808: found /usr/local/Caskroom/miniconda/base/envs/MMAppIOS/bin/pip3
configure:14819: result: pip3
configure:14833: checking for `docwriter' Python module
configure:14841: result: no
configure:15089: creating ./config.status

## ---------------------- ##
## Running config.status. ##
## ---------------------- ##

This file was extended by FreeType config.status 2.10, which was
generated by GNU Autoconf 2.69.  Invocation command line was

  CONFIG_FILES    = 
  CONFIG_HEADERS  = 
  CONFIG_LINKS    = 
  CONFIG_COMMANDS = 
  $ ./config.status 

on Sebastians-MacBook-Pro.local

config.status:1141: creating ftoption.h
config.status:1141: creating unix-cc.mk
config.status:1141: creating unix-def.mk
config.status:1141: creating ftconfig.h
config.status:1336: executing libtool commands
configure:17338:

Library configuration:
  external zlib: yes (pkg-config)
  bzip2:         no
  libpng:        no
  harfbuzz:      no

configure:17356:
  Warning: `make refdoc' will fail since pip package `docwriter' is not
  installed.  To install, run `pip3 install docwriter', or to use a python
  virtual environment, run `make refdoc-venv' (requires pip package
  `virtualenv').
  

## ---------------- ##
## Cache variables. ##
## ---------------- ##

ac_cv_build=x86_64-apple-darwin21.2.0
ac_cv_c_compiler_gnu=yes
ac_cv_c_const=yes
ac_cv_env_BZIP2_CFLAGS_set=
ac_cv_env_BZIP2_CFLAGS_value=
ac_cv_env_BZIP2_LIBS_set=
ac_cv_env_BZIP2_LIBS_value=
ac_cv_env_CC_set=set
ac_cv_env_CC_value=/var/folders/zm/_mmhqdz13sj2ss2ts25x49j00000gn/T/tmpgxwew2e4
ac_cv_env_CFLAGS_set=set
ac_cv_env_CFLAGS_value='-O3 -miphoneos-version-min=8.0 -I/Users/sebastian/projects/apps/dist/include/x86_64/freetype -I/Users/sebastian/projects/apps/dist/include/x86_64/freetype -I/Users/sebastian/projects/apps/dist/include/x86_64/hostlibffi -I/Users/sebastian/projects/apps/dist/include/x86_64/ffi -I/Users/sebastian/projects/apps/dist/include/x86_64/openssl -I/Users/sebastian/projects/apps/dist/include/common/sdl2 -I/Users/sebastian/projects/apps/dist/include/common/sdl2_image -I/Users/sebastian/projects/apps/dist/include/common/sdl2_mixer -I/Users/sebastian/projects/apps/dist/include/common/sdl2_ttf -I/Users/sebastian/projects/apps/dist/include/common/numpy -I/Users/sebastian/projects/apps/dist/include/x86_64'
ac_cv_env_CPPFLAGS_set=
ac_cv_env_CPPFLAGS_value=
ac_cv_env_CPP_set=
ac_cv_env_CPP_value=
ac_cv_env_HARFBUZZ_CFLAGS_set=
ac_cv_env_HARFBUZZ_CFLAGS_value=
ac_cv_env_HARFBUZZ_LIBS_set=
ac_cv_env_HARFBUZZ_LIBS_value=
ac_cv_env_LDFLAGS_set=set
ac_cv_env_LDFLAGS_value='-arch x86_64 -L/Users/sebastian/projects/apps/dist/lib -L/Applications/Xcode.app/Contents/Developer/Platforms/iPhoneSimulator.platform/Developer/SDKs/iPhoneSimulator15.2.sdk/usr/lib -miphoneos-version-min=8.0'
ac_cv_env_LIBPNG_CFLAGS_set=
ac_cv_env_LIBPNG_CFLAGS_value=
ac_cv_env_LIBPNG_LIBS_set=
ac_cv_env_LIBPNG_LIBS_value=
ac_cv_env_LIBS_set=
ac_cv_env_LIBS_value=
ac_cv_env_LT_SYS_LIBRARY_PATH_set=
ac_cv_env_LT_SYS_LIBRARY_PATH_value=
ac_cv_env_PKG_CONFIG_LIBDIR_set=
ac_cv_env_PKG_CONFIG_LIBDIR_value=
ac_cv_env_PKG_CONFIG_PATH_set=
ac_cv_env_PKG_CONFIG_PATH_value=
ac_cv_env_PKG_CONFIG_set=
ac_cv_env_PKG_CONFIG_value=
ac_cv_env_ZLIB_CFLAGS_set=
ac_cv_env_ZLIB_CFLAGS_value=
ac_cv_env_ZLIB_LIBS_set=
ac_cv_env_ZLIB_LIBS_value=
ac_cv_env_build_alias_set=
ac_cv_env_build_alias_value=
ac_cv_env_host_alias_set=set
ac_cv_env_host_alias_value=x86_64-apple-darwin13
ac_cv_env_target_alias_set=
ac_cv_env_target_alias_value=
ac_cv_func_getpagesize=yes
ac_cv_func_memcpy=yes
ac_cv_func_memmove=yes
ac_cv_func_mmap_fixed_mapped=no
ac_cv_header_dlfcn_h=yes
ac_cv_header_fcntl_h=yes
ac_cv_header_inttypes_h=yes
ac_cv_header_memory_h=yes
ac_cv_header_stdc=yes
ac_cv_header_stdint_h=yes
ac_cv_header_stdlib_h=yes
ac_cv_header_string_h=yes
ac_cv_header_strings_h=yes
ac_cv_header_sys_param_h=yes
ac_cv_header_sys_stat_h=yes
ac_cv_header_sys_types_h=yes
ac_cv_header_unistd_h=yes
ac_cv_header_windows_h=no
ac_cv_host=x86_64-apple-darwin13
ac_cv_objext=o
ac_cv_path_EGREP='/usr/bin/grep -E'
ac_cv_path_FGREP='/usr/bin/grep -F'
ac_cv_path_GREP=/usr/bin/grep
ac_cv_path_SED=/usr/bin/sed
ac_cv_path_ac_pt_PKG_CONFIG=/usr/local/bin/pkg-config
ac_cv_path_install='/usr/bin/install -c'
ac_cv_path_lt_DD=/bin/dd
ac_cv_prog_AWK=awk
ac_cv_prog_CC=/var/folders/zm/_mmhqdz13sj2ss2ts25x49j00000gn/T/tmpgxwew2e4
ac_cv_prog_CC_BUILD=gcc
ac_cv_prog_CPP='/var/folders/zm/_mmhqdz13sj2ss2ts25x49j00000gn/T/tmpgxwew2e4 -E'
ac_cv_prog_PIP=pip3
ac_cv_prog_PYTHON=python3
ac_cv_prog_ac_ct_AR=ar
ac_cv_prog_ac_ct_DSYMUTIL=dsymutil
ac_cv_prog_ac_ct_DUMPBIN='link -dump'
ac_cv_prog_ac_ct_LIPO=lipo
ac_cv_prog_ac_ct_NMEDIT=nmedit
ac_cv_prog_ac_ct_OBJDUMP=objdump
ac_cv_prog_ac_ct_OTOOL=otool
ac_cv_prog_ac_ct_RANLIB=ranlib
ac_cv_prog_ac_ct_STRIP=strip
ac_cv_prog_cc_c89=
ac_cv_prog_cc_g=yes
ac_cv_search_clock_gettime='none required'
ac_cv_sizeof_int=4
ac_cv_sizeof_long=8
ac_cv_sys_file_offset_bits=no
ac_cv_sys_largefile_CC=no
ac_cv_type_long_long_int=yes
ac_cv_type_unsigned_long_long_int=yes
lt_cv_apple_cc_single_mod=yes
lt_cv_ar_at_file=no
lt_cv_deplibs_check_method=pass_all
lt_cv_file_magic_cmd='$MAGIC_CMD'
lt_cv_file_magic_test_file=
lt_cv_ld_exported_symbols_list=yes
lt_cv_ld_force_load=yes
lt_cv_ld_reload_flag=-r
lt_cv_nm_interface='BSD nm'
lt_cv_objdir=.libs
lt_cv_path_LD=/Applications/Xcode.app/Contents/Developer/Toolchains/XcodeDefault.xctoolchain/usr/bin/ld
lt_cv_path_NM=no
lt_cv_path_mainfest_tool=no
lt_cv_prog_compiler_c_o=yes
lt_cv_prog_compiler_pic='-fno-common -DPIC'
lt_cv_prog_compiler_pic_works=yes
lt_cv_prog_compiler_rtti_exceptions=yes
lt_cv_prog_compiler_static_works=no
lt_cv_prog_gnu_ld=no
lt_cv_sharedlib_from_linklib_cmd='printf %s\n'
lt_cv_sys_global_symbol_pipe='sed -n -e '\''s/^.*[	 ]\([BCDEGRST][BCDEGRST]*\)[	 ][	 ]*_\([_A-Za-z][_A-Za-z0-9]*\)$/\1 _\2 \2/p'\'' | sed '\''/ __gnu_lto/d'\'''
lt_cv_sys_global_symbol_to_c_name_address='sed -n -e '\''s/^: \(.*\) .*$/  {"\1", (void *) 0},/p'\'' -e '\''s/^[BCDEGRST][BCDEGRST]* .* \(.*\)$/  {"\1", (void *) \&\1},/p'\'''
lt_cv_sys_global_symbol_to_c_name_address_lib_prefix='sed -n -e '\''s/^: \(.*\) .*$/  {"\1", (void *) 0},/p'\'' -e '\''s/^[BCDEGRST][BCDEGRST]* .* \(lib.*\)$/  {"\1", (void *) \&\1},/p'\'' -e '\''s/^[BCDEGRST][BCDEGRST]* .* \(.*\)$/  {"lib\1", (void *) \&\1},/p'\'''
lt_cv_sys_global_symbol_to_cdecl='sed -n -e '\''s/^T .* \(.*\)$/extern int \1();/p'\'' -e '\''s/^[BCDEGRST][BCDEGRST]* .* \(.*\)$/extern char \1;/p'\'''
lt_cv_sys_global_symbol_to_import=
lt_cv_sys_max_cmd_len=786432
lt_cv_to_host_file_cmd=func_convert_file_noop
lt_cv_to_tool_file_cmd=func_convert_file_noop
lt_cv_truncate_bin='/bin/dd bs=4096 count=1'
pkg_cv_ZLIB_CFLAGS=
pkg_cv_ZLIB_LIBS=-lz

## ----------------- ##
## Output variables. ##
## ----------------- ##

AR='ar'
AS='as'
AWK='awk'
BZIP2_CFLAGS=''
BZIP2_LIBS=''
CC='/var/folders/zm/_mmhqdz13sj2ss2ts25x49j00000gn/T/tmpgxwew2e4'
CC_BUILD='gcc'
CFLAGS='-O3 -miphoneos-version-min=8.0 -I/Users/sebastian/projects/apps/dist/include/x86_64/freetype -I/Users/sebastian/projects/apps/dist/include/x86_64/freetype -I/Users/sebastian/projects/apps/dist/include/x86_64/hostlibffi -I/Users/sebastian/projects/apps/dist/include/x86_64/ffi -I/Users/sebastian/projects/apps/dist/include/x86_64/openssl -I/Users/sebastian/projects/apps/dist/include/common/sdl2 -I/Users/sebastian/projects/apps/dist/include/common/sdl2_image -I/Users/sebastian/projects/apps/dist/include/common/sdl2_mixer -I/Users/sebastian/projects/apps/dist/include/common/sdl2_ttf -I/Users/sebastian/projects/apps/dist/include/common/numpy -I/Users/sebastian/projects/apps/dist/include/x86_64 -fvisibility=hidden -DDARWIN_NO_CARBON -DHAVE_FSSPEC=0 -I$(TOP_DIR)/builds/mac/ '
CPP='/var/folders/zm/_mmhqdz13sj2ss2ts25x49j00000gn/T/tmpgxwew2e4 -E'
CPPFLAGS=''
DEFS='-DHAVE_CONFIG_H'
DLLTOOL='false'
DSYMUTIL='dsymutil'
DUMPBIN=':'
ECHO_C='\c'
ECHO_N=''
ECHO_T=''
EGREP='/usr/bin/grep -E'
EXEEXT=''
EXEEXT_BUILD=''
FGREP='/usr/bin/grep -F'
FTSYS_SRC='$(BASE_DIR)/ftsystem.c'
GREP='/usr/bin/grep'
HARFBUZZ_CFLAGS=''
HARFBUZZ_LIBS=''
INSTALL_DATA='${INSTALL} -m 644'
INSTALL_FT2_CONFIG='FALSE'
INSTALL_PROGRAM='${INSTALL}'
INSTALL_SCRIPT='${INSTALL}'
LD='/Applications/Xcode.app/Contents/Developer/Toolchains/XcodeDefault.xctoolchain/usr/bin/ld'
LDFLAGS='-arch x86_64 -L/Users/sebastian/projects/apps/dist/lib -L/Applications/Xcode.app/Contents/Developer/Platforms/iPhoneSimulator.platform/Developer/SDKs/iPhoneSimulator15.2.sdk/usr/lib -miphoneos-version-min=8.0 -lz'
LIBOBJS=''
LIBPNG_CFLAGS=''
LIBPNG_LIBS=''
LIBS=''
LIBSSTATIC_CONFIG='-lfreetype -lz'
LIBS_PRIVATE=''
LIBTOOL='$(SHELL) $(top_builddir)/libtool'
LIB_CLOCK_GETTIME=''
LIPO='lipo'
LN_S='ln -s'
LTLIBOBJS=''
LT_SYS_LIBRARY_PATH=''
MANIFEST_TOOL=':'
MKDIR_P='/Users/sebastian/projects/apps/build/freetype/x86_64/freetype-2.10.0/builds/unix/./install-sh -c -d'
NM='nm'
NMEDIT='nmedit'
OBJDUMP='objdump'
OBJEXT='o'
OTOOL64=':'
OTOOL='otool'
PACKAGE_BUGREPORT='freetype@nongnu.org'
PACKAGE_NAME='FreeType'
PACKAGE_STRING='FreeType 2.10'
PACKAGE_TARNAME='freetype'
PACKAGE_URL=''
PACKAGE_VERSION='2.10'
PATH_SEPARATOR=':'
PIP='pip3'
PKG_CONFIG='/usr/local/bin/pkg-config'
PKG_CONFIG_LIBDIR=''
PKG_CONFIG_PATH=''
PYTHON='python3'
RANLIB='ranlib'
RC=''
REQUIRES_PRIVATE='zlib'
SED='/usr/bin/sed'
SHELL='/bin/sh'
STRIP='strip'
XX_ANSIFLAGS=' -pedantic -ansi'
XX_CFLAGS='-Wall'
ZLIB_CFLAGS=''
ZLIB_LIBS='-lz'
ac_ct_AR='ar'
ac_ct_CC=''
ac_ct_DUMPBIN='link -dump'
bindir='${exec_prefix}/bin'
build='x86_64-apple-darwin21.2.0'
build_alias=''
build_cpu='x86_64'
build_libtool_libs=''
build_os='darwin21.2.0'
build_vendor='apple'
datadir='${datarootdir}'
datarootdir='${prefix}/share'
docdir='${datarootdir}/doc/${PACKAGE_TARNAME}'
dvidir='${docdir}'
exec_prefix='${prefix}'
ft_version='23.0.17'
ftmac_c=''
hardcode_libdir_flag_spec=''
host='x86_64-apple-darwin13'
host_alias='x86_64-apple-darwin13'
host_cpu='x86_64'
host_os='darwin13'
host_vendor='apple'
htmldir='${docdir}'
includedir='${prefix}/include'
infodir='${datarootdir}/info'
libdir='${exec_prefix}/lib'
libexecdir='${exec_prefix}/libexec'
localedir='${datarootdir}/locale'
localstatedir='${prefix}/var'
mandir='${datarootdir}/man'
oldincludedir='/usr/include'
pdfdir='${docdir}'
prefix='/'
program_transform_name='s,x,x,'
psdir='${docdir}'
sbindir='${exec_prefix}/sbin'
sharedstatedir='${prefix}/com'
sysconfdir='${prefix}/etc'
target_alias=''
version_info='23:0:17'
wl='-Wl,'

## ----------- ##
## confdefs.h. ##
## ----------- ##

/* confdefs.h */
#define PACKAGE_NAME "FreeType"
#define PACKAGE_TARNAME "freetype"
#define PACKAGE_VERSION "2.10"
#define PACKAGE_STRING "FreeType 2.10"
#define PACKAGE_BUGREPORT "freetype@nongnu.org"
#define PACKAGE_URL ""
#define STDC_HEADERS 1
#define HAVE_SYS_TYPES_H 1
#define HAVE_SYS_STAT_H 1
#define HAVE_STDLIB_H 1
#define HAVE_STRING_H 1
#define HAVE_MEMORY_H 1
#define HAVE_STRINGS_H 1
#define HAVE_INTTYPES_H 1
#define HAVE_STDINT_H 1
#define HAVE_UNISTD_H 1
#define HAVE_DLFCN_H 1
#define LT_OBJDIR ".libs/"
#define STDC_HEADERS 1
#define HAVE_FCNTL_H 1
#define HAVE_UNISTD_H 1
#define SIZEOF_INT 4
#define SIZEOF_LONG 8
#define HAVE_UNSIGNED_LONG_LONG_INT 1
#define HAVE_LONG_LONG_INT 1
#define HAVE_STDLIB_H 1
#define HAVE_UNISTD_H 1
#define HAVE_SYS_PARAM_H 1
#define HAVE_GETPAGESIZE 1
#define HAVE_MEMCPY 1
#define HAVE_MEMMOVE 1

configure: exit 0
